2025-05-09 14:40:06,949 [Worker-1: Loading available Gradle versions] INFO  o.e.b.c.i.u.g.PublishedGradleVersions - Gradle version information cache is not available. Remote download required.
2025-05-09 15:10:31,827 [Worker-2: Loading available Gradle versions] INFO  o.e.b.c.i.u.g.PublishedGradleVersions - Gradle version information cache is up-to-date. Trying to read.
2025-05-10 10:24:30,144 [Worker-0: Loading available Gradle versions] INFO  o.e.b.c.i.u.g.PublishedGradleVersions - Gradle version information cache is up-to-date. Trying to read.
2025-05-10 12:59:49,416 [Worker-4: Loading available Gradle versions] INFO  o.e.b.c.i.u.g.PublishedGradleVersions - Gradle version information cache is up-to-date. Trying to read.
2025-05-12 10:10:34,393 [Worker-1: Loading available Gradle versions] INFO  o.e.b.c.i.u.g.PublishedGradleVersions - Gradle version information cache is up-to-date. Trying to read.
2025-05-12 10:15:17,588 [Worker-36: https://www.codetogether.com/updates/ci/p2.index] WARN  o.a.h.c.h.p.ResponseProcessCookies - ex-0000000046 Cookie rejected [_cfuvid="14y1MDdCTZxzBItHczTAcUxrICIh4vyqjGKCMYUfYDs-1747025117405-0.0.1.1-604800000", domain:cdn.webflow.com, path:/, expiry:null] Illegal 'domain' attribute "cdn.webflow.com". Domain of origin: "www.codetogether.com"
2025-05-12 10:15:18,849 [Worker-1: https://www.codetogether.com/updates/ci/compositeContent.jar] WARN  o.a.h.c.h.p.ResponseProcessCookies - ex-0000000047 Cookie rejected [_cfuvid="nJgYCrDyhvHpvueD3JqD62Vu0hZ50F9NockfguUrnps-1747025118665-0.0.1.1-604800000", domain:cdn.webflow.com, path:/, expiry:null] Illegal 'domain' attribute "cdn.webflow.com". Domain of origin: "www.codetogether.com"
2025-05-12 10:15:20,212 [Worker-34: https://www.codetogether.com/updates/ci/compositeContent.jar] WARN  o.a.h.c.h.p.ResponseProcessCookies - ex-0000000048 Cookie rejected [_cfuvid="LcL2fzOyV88q4ZBJ0HxBVyGObVQxkQkZNGmtys_wIIA-1747025120029-0.0.1.1-604800000", domain:cdn.webflow.com, path:/, expiry:null] Illegal 'domain' attribute "cdn.webflow.com". Domain of origin: "www.codetogether.com"
2025-05-12 10:17:49,007 [Worker-31: https://www.codetogether.com/updates/ci/compositeArtifacts.jar] WARN  o.a.h.c.h.p.ResponseProcessCookies - ex-0000000209 Cookie rejected [_cfuvid="TbRkYY1nNKm._1wa5pQkMT7.QI7RVIzXlxJiLfnqdgA-1747025268880-0.0.1.1-604800000", domain:cdn.webflow.com, path:/, expiry:null] Illegal 'domain' attribute "cdn.webflow.com". Domain of origin: "www.codetogether.com"
2025-05-12 10:17:49,993 [Worker-34: https://www.codetogether.com/updates/ci/compositeArtifacts.jar] WARN  o.a.h.c.h.p.ResponseProcessCookies - ex-0000000210 Cookie rejected [_cfuvid="zWox9PSsZ9I5DW6ksnDIlRYWRO8uWTVpHW7jIjhOzl4-1747025269868-0.0.1.1-604800000", domain:cdn.webflow.com, path:/, expiry:null] Illegal 'domain' attribute "cdn.webflow.com". Domain of origin: "www.codetogether.com"
2025-05-12 10:20:23,565 [Worker-6: Loading available Gradle versions] INFO  o.e.b.c.i.u.g.PublishedGradleVersions - Gradle version information cache is up-to-date. Trying to read.
2025-05-13 10:11:51,852 [Worker-3: Loading available Gradle versions] INFO  o.e.b.c.i.u.g.PublishedGradleVersions - Gradle version information cache is out-of-date. Trying to update.
2025-05-14 10:07:53,703 [Worker-2: Loading available Gradle versions] INFO  o.e.b.c.i.u.g.PublishedGradleVersions - Gradle version information cache is up-to-date. Trying to read.
2025-05-15 10:16:30,638 [Worker-5: Loading available Gradle versions] INFO  o.e.b.c.i.u.g.PublishedGradleVersions - Gradle version information cache is out-of-date. Trying to update.
2025-05-16 10:18:53,670 [Worker-4: Loading available Gradle versions] INFO  o.e.b.c.i.u.g.PublishedGradleVersions - Gradle version information cache is out-of-date. Trying to update.
2025-05-17 10:11:07,726 [Worker-2: Loading available Gradle versions] INFO  o.e.b.c.i.u.g.PublishedGradleVersions - Gradle version information cache is up-to-date. Trying to read.
2025-05-19 10:11:46,187 [Worker-4: Loading available Gradle versions] INFO  o.e.b.c.i.u.g.PublishedGradleVersions - Gradle version information cache is up-to-date. Trying to read.
2025-05-20 10:13:19,301 [Worker-1: Loading available Gradle versions] INFO  o.e.b.c.i.u.g.PublishedGradleVersions - Gradle version information cache is out-of-date. Trying to update.
2025-05-22 10:11:14,336 [Worker-4: Loading available Gradle versions] INFO  o.e.b.c.i.u.g.PublishedGradleVersions - Gradle version information cache is up-to-date. Trying to read.
2025-05-22 11:27:54,842 [Worker-9: Loading available Gradle versions] INFO  o.e.b.c.i.u.g.PublishedGradleVersions - Gradle version information cache is up-to-date. Trying to read.
2025-05-24 10:21:27,172 [Worker-6: Loading available Gradle versions] INFO  o.e.b.c.i.u.g.PublishedGradleVersions - Gradle version information cache is out-of-date. Trying to update.
2025-05-27 10:29:53,684 [Worker-6: Loading available Gradle versions] INFO  o.e.b.c.i.u.g.PublishedGradleVersions - Gradle version information cache is out-of-date. Trying to update.
2025-06-05 10:03:49,272 [Worker-1: Loading available Gradle versions] INFO  o.e.b.c.i.u.g.PublishedGradleVersions - Gradle version information cache is out-of-date. Trying to update.
2025-06-05 10:14:05,598 [Worker-2: Loading available Gradle versions] INFO  o.e.b.c.i.u.g.PublishedGradleVersions - Gradle version information cache is up-to-date. Trying to read.
2025-06-05 10:36:49,396 [Worker-32: Launching mavenrun-08dcbabc-f951-4021-9bb3-421d23ace7c9] INFO  o.eclipse.m2e.core.internal.Bundles - getClasspathEntries(Bundle=org.eclipse.m2e.maven.runtime_3.9.700.20240602-2313 [642])
2025-06-05 10:36:49,399 [Worker-32: Launching mavenrun-08dcbabc-f951-4021-9bb3-421d23ace7c9] INFO  o.eclipse.m2e.core.internal.Bundles - 	Entry: C:\Users\Admin\.p2\pool\plugins\org.eclipse.m2e.maven.runtime_3.9.700.20240602-2313
2025-06-05 10:36:49,400 [Worker-32: Launching mavenrun-08dcbabc-f951-4021-9bb3-421d23ace7c9] INFO  o.eclipse.m2e.core.internal.Bundles - 	Entry: C:\Users\Admin\.p2\pool\plugins\org.eclipse.m2e.maven.runtime_3.9.700.20240602-2313\jars\aopalliance-1.0.jar
2025-06-05 10:36:49,400 [Worker-32: Launching mavenrun-08dcbabc-f951-4021-9bb3-421d23ace7c9] INFO  o.eclipse.m2e.core.internal.Bundles - 	Entry: C:\Users\Admin\.p2\pool\plugins\org.eclipse.m2e.maven.runtime_3.9.700.20240602-2313\jars\guice-5.1.0.jar
2025-06-05 10:36:49,400 [Worker-32: Launching mavenrun-08dcbabc-f951-4021-9bb3-421d23ace7c9] INFO  o.eclipse.m2e.core.internal.Bundles - 	Entry: C:\Users\Admin\.p2\pool\plugins\org.eclipse.m2e.maven.runtime_3.9.700.20240602-2313\jars\httpclient-4.5.14.jar
2025-06-05 10:36:49,400 [Worker-32: Launching mavenrun-08dcbabc-f951-4021-9bb3-421d23ace7c9] INFO  o.eclipse.m2e.core.internal.Bundles - 	Entry: C:\Users\Admin\.p2\pool\plugins\org.eclipse.m2e.maven.runtime_3.9.700.20240602-2313\jars\httpcore-4.4.16.jar
2025-06-05 10:36:49,400 [Worker-32: Launching mavenrun-08dcbabc-f951-4021-9bb3-421d23ace7c9] INFO  o.eclipse.m2e.core.internal.Bundles - 	Entry: C:\Users\Admin\.p2\pool\plugins\org.eclipse.m2e.maven.runtime_3.9.700.20240602-2313\jars\jansi-2.4.1.jar
2025-06-05 10:36:49,400 [Worker-32: Launching mavenrun-08dcbabc-f951-4021-9bb3-421d23ace7c9] INFO  o.eclipse.m2e.core.internal.Bundles - 	Entry: C:\Users\Admin\.p2\pool\plugins\org.eclipse.m2e.maven.runtime_3.9.700.20240602-2313\jars\jcl-over-slf4j-1.7.36.jar
2025-06-05 10:36:49,400 [Worker-32: Launching mavenrun-08dcbabc-f951-4021-9bb3-421d23ace7c9] INFO  o.eclipse.m2e.core.internal.Bundles - 	Entry: C:\Users\Admin\.p2\pool\plugins\org.eclipse.m2e.maven.runtime_3.9.700.20240602-2313\jars\maven-artifact-3.9.7.jar
2025-06-05 10:36:49,401 [Worker-32: Launching mavenrun-08dcbabc-f951-4021-9bb3-421d23ace7c9] INFO  o.eclipse.m2e.core.internal.Bundles - 	Entry: C:\Users\Admin\.p2\pool\plugins\org.eclipse.m2e.maven.runtime_3.9.700.20240602-2313\jars\maven-builder-support-3.9.7.jar
2025-06-05 10:36:49,401 [Worker-32: Launching mavenrun-08dcbabc-f951-4021-9bb3-421d23ace7c9] INFO  o.eclipse.m2e.core.internal.Bundles - 	Entry: C:\Users\Admin\.p2\pool\plugins\org.eclipse.m2e.maven.runtime_3.9.700.20240602-2313\jars\maven-compat-3.9.7.jar
2025-06-05 10:36:49,401 [Worker-32: Launching mavenrun-08dcbabc-f951-4021-9bb3-421d23ace7c9] INFO  o.eclipse.m2e.core.internal.Bundles - 	Entry: C:\Users\Admin\.p2\pool\plugins\org.eclipse.m2e.maven.runtime_3.9.700.20240602-2313\jars\maven-core-3.9.7.jar
2025-06-05 10:36:49,401 [Worker-32: Launching mavenrun-08dcbabc-f951-4021-9bb3-421d23ace7c9] INFO  o.eclipse.m2e.core.internal.Bundles - 	Entry: C:\Users\Admin\.p2\pool\plugins\org.eclipse.m2e.maven.runtime_3.9.700.20240602-2313\jars\maven-embedder-3.9.7.jar
2025-06-05 10:36:49,401 [Worker-32: Launching mavenrun-08dcbabc-f951-4021-9bb3-421d23ace7c9] INFO  o.eclipse.m2e.core.internal.Bundles - 	Entry: C:\Users\Admin\.p2\pool\plugins\org.eclipse.m2e.maven.runtime_3.9.700.20240602-2313\jars\maven-model-3.9.7.jar
2025-06-05 10:36:49,402 [Worker-32: Launching mavenrun-08dcbabc-f951-4021-9bb3-421d23ace7c9] INFO  o.eclipse.m2e.core.internal.Bundles - 	Entry: C:\Users\Admin\.p2\pool\plugins\org.eclipse.m2e.maven.runtime_3.9.700.20240602-2313\jars\maven-model-builder-3.9.7.jar
2025-06-05 10:36:49,402 [Worker-32: Launching mavenrun-08dcbabc-f951-4021-9bb3-421d23ace7c9] INFO  o.eclipse.m2e.core.internal.Bundles - 	Entry: C:\Users\Admin\.p2\pool\plugins\org.eclipse.m2e.maven.runtime_3.9.700.20240602-2313\jars\maven-plugin-api-3.9.7.jar
2025-06-05 10:36:49,402 [Worker-32: Launching mavenrun-08dcbabc-f951-4021-9bb3-421d23ace7c9] INFO  o.eclipse.m2e.core.internal.Bundles - 	Entry: C:\Users\Admin\.p2\pool\plugins\org.eclipse.m2e.maven.runtime_3.9.700.20240602-2313\jars\maven-repository-metadata-3.9.7.jar
2025-06-05 10:36:49,402 [Worker-32: Launching mavenrun-08dcbabc-f951-4021-9bb3-421d23ace7c9] INFO  o.eclipse.m2e.core.internal.Bundles - 	Entry: C:\Users\Admin\.p2\pool\plugins\org.eclipse.m2e.maven.runtime_3.9.700.20240602-2313\jars\maven-resolver-api-1.9.20.jar
2025-06-05 10:36:49,402 [Worker-32: Launching mavenrun-08dcbabc-f951-4021-9bb3-421d23ace7c9] INFO  o.eclipse.m2e.core.internal.Bundles - 	Entry: C:\Users\Admin\.p2\pool\plugins\org.eclipse.m2e.maven.runtime_3.9.700.20240602-2313\jars\maven-resolver-connector-basic-1.9.20.jar
2025-06-05 10:36:49,402 [Worker-32: Launching mavenrun-08dcbabc-f951-4021-9bb3-421d23ace7c9] INFO  o.eclipse.m2e.core.internal.Bundles - 	Entry: C:\Users\Admin\.p2\pool\plugins\org.eclipse.m2e.maven.runtime_3.9.700.20240602-2313\jars\maven-resolver-impl-1.9.20.jar
2025-06-05 10:36:49,403 [Worker-32: Launching mavenrun-08dcbabc-f951-4021-9bb3-421d23ace7c9] INFO  o.eclipse.m2e.core.internal.Bundles - 	Entry: C:\Users\Admin\.p2\pool\plugins\org.eclipse.m2e.maven.runtime_3.9.700.20240602-2313\jars\maven-resolver-named-locks-1.9.20.jar
2025-06-05 10:36:49,403 [Worker-32: Launching mavenrun-08dcbabc-f951-4021-9bb3-421d23ace7c9] INFO  o.eclipse.m2e.core.internal.Bundles - 	Entry: C:\Users\Admin\.p2\pool\plugins\org.eclipse.m2e.maven.runtime_3.9.700.20240602-2313\jars\maven-resolver-provider-3.9.7.jar
2025-06-05 10:36:49,403 [Worker-32: Launching mavenrun-08dcbabc-f951-4021-9bb3-421d23ace7c9] INFO  o.eclipse.m2e.core.internal.Bundles - 	Entry: C:\Users\Admin\.p2\pool\plugins\org.eclipse.m2e.maven.runtime_3.9.700.20240602-2313\jars\maven-resolver-spi-1.9.20.jar
2025-06-05 10:36:49,403 [Worker-32: Launching mavenrun-08dcbabc-f951-4021-9bb3-421d23ace7c9] INFO  o.eclipse.m2e.core.internal.Bundles - 	Entry: C:\Users\Admin\.p2\pool\plugins\org.eclipse.m2e.maven.runtime_3.9.700.20240602-2313\jars\maven-resolver-transport-file-1.9.20.jar
2025-06-05 10:36:49,403 [Worker-32: Launching mavenrun-08dcbabc-f951-4021-9bb3-421d23ace7c9] INFO  o.eclipse.m2e.core.internal.Bundles - 	Entry: C:\Users\Admin\.p2\pool\plugins\org.eclipse.m2e.maven.runtime_3.9.700.20240602-2313\jars\maven-resolver-transport-http-1.9.20.jar
2025-06-05 10:36:49,403 [Worker-32: Launching mavenrun-08dcbabc-f951-4021-9bb3-421d23ace7c9] INFO  o.eclipse.m2e.core.internal.Bundles - 	Entry: C:\Users\Admin\.p2\pool\plugins\org.eclipse.m2e.maven.runtime_3.9.700.20240602-2313\jars\maven-resolver-transport-wagon-1.9.20.jar
2025-06-05 10:36:49,404 [Worker-32: Launching mavenrun-08dcbabc-f951-4021-9bb3-421d23ace7c9] INFO  o.eclipse.m2e.core.internal.Bundles - 	Entry: C:\Users\Admin\.p2\pool\plugins\org.eclipse.m2e.maven.runtime_3.9.700.20240602-2313\jars\maven-resolver-util-1.9.20.jar
2025-06-05 10:36:49,404 [Worker-32: Launching mavenrun-08dcbabc-f951-4021-9bb3-421d23ace7c9] INFO  o.eclipse.m2e.core.internal.Bundles - 	Entry: C:\Users\Admin\.p2\pool\plugins\org.eclipse.m2e.maven.runtime_3.9.700.20240602-2313\jars\maven-settings-3.9.7.jar
2025-06-05 10:36:49,404 [Worker-32: Launching mavenrun-08dcbabc-f951-4021-9bb3-421d23ace7c9] INFO  o.eclipse.m2e.core.internal.Bundles - 	Entry: C:\Users\Admin\.p2\pool\plugins\org.eclipse.m2e.maven.runtime_3.9.700.20240602-2313\jars\maven-settings-builder-3.9.7.jar
2025-06-05 10:36:49,404 [Worker-32: Launching mavenrun-08dcbabc-f951-4021-9bb3-421d23ace7c9] INFO  o.eclipse.m2e.core.internal.Bundles - 	Entry: C:\Users\Admin\.p2\pool\plugins\org.eclipse.m2e.maven.runtime_3.9.700.20240602-2313\jars\maven-shared-utils-3.4.2.jar
2025-06-05 10:36:49,405 [Worker-32: Launching mavenrun-08dcbabc-f951-4021-9bb3-421d23ace7c9] INFO  o.eclipse.m2e.core.internal.Bundles - 	Entry: C:\Users\Admin\.p2\pool\plugins\org.eclipse.m2e.maven.runtime_3.9.700.20240602-2313\jars\org.eclipse.sisu.inject-0.9.0.M2.jar
2025-06-05 10:36:49,405 [Worker-32: Launching mavenrun-08dcbabc-f951-4021-9bb3-421d23ace7c9] INFO  o.eclipse.m2e.core.internal.Bundles - 	Entry: C:\Users\Admin\.p2\pool\plugins\org.eclipse.m2e.maven.runtime_3.9.700.20240602-2313\jars\org.eclipse.sisu.plexus-0.9.0.M2.jar
2025-06-05 10:36:49,405 [Worker-32: Launching mavenrun-08dcbabc-f951-4021-9bb3-421d23ace7c9] INFO  o.eclipse.m2e.core.internal.Bundles - 	Entry: C:\Users\Admin\.p2\pool\plugins\org.eclipse.m2e.maven.runtime_3.9.700.20240602-2313\jars\plexus-build-api-0.0.7.jar
2025-06-05 10:36:49,405 [Worker-32: Launching mavenrun-08dcbabc-f951-4021-9bb3-421d23ace7c9] INFO  o.eclipse.m2e.core.internal.Bundles - 	Entry: C:\Users\Admin\.p2\pool\plugins\org.eclipse.m2e.maven.runtime_3.9.700.20240602-2313\jars\plexus-build-api-1.2.0.jar
2025-06-05 10:36:49,405 [Worker-32: Launching mavenrun-08dcbabc-f951-4021-9bb3-421d23ace7c9] INFO  o.eclipse.m2e.core.internal.Bundles - 	Entry: C:\Users\Admin\.p2\pool\plugins\org.eclipse.m2e.maven.runtime_3.9.700.20240602-2313\jars\plexus-cipher-2.0.jar
2025-06-05 10:36:49,406 [Worker-32: Launching mavenrun-08dcbabc-f951-4021-9bb3-421d23ace7c9] INFO  o.eclipse.m2e.core.internal.Bundles - 	Entry: C:\Users\Admin\.p2\pool\plugins\org.eclipse.m2e.maven.runtime_3.9.700.20240602-2313\jars\plexus-classworlds-2.8.0.jar
2025-06-05 10:36:49,406 [Worker-32: Launching mavenrun-08dcbabc-f951-4021-9bb3-421d23ace7c9] INFO  o.eclipse.m2e.core.internal.Bundles - 	Entry: C:\Users\Admin\.p2\pool\plugins\org.eclipse.m2e.maven.runtime_3.9.700.20240602-2313\jars\plexus-component-annotations-2.1.0.jar
2025-06-05 10:36:49,406 [Worker-32: Launching mavenrun-08dcbabc-f951-4021-9bb3-421d23ace7c9] INFO  o.eclipse.m2e.core.internal.Bundles - 	Entry: C:\Users\Admin\.p2\pool\plugins\org.eclipse.m2e.maven.runtime_3.9.700.20240602-2313\jars\plexus-interpolation-1.27.jar
2025-06-05 10:36:49,406 [Worker-32: Launching mavenrun-08dcbabc-f951-4021-9bb3-421d23ace7c9] INFO  o.eclipse.m2e.core.internal.Bundles - 	Entry: C:\Users\Admin\.p2\pool\plugins\org.eclipse.m2e.maven.runtime_3.9.700.20240602-2313\jars\plexus-sec-dispatcher-2.0.jar
2025-06-05 10:36:49,406 [Worker-32: Launching mavenrun-08dcbabc-f951-4021-9bb3-421d23ace7c9] INFO  o.eclipse.m2e.core.internal.Bundles - 	Entry: C:\Users\Admin\.p2\pool\plugins\org.eclipse.m2e.maven.runtime_3.9.700.20240602-2313\jars\plexus-utils-3.5.1.jar
2025-06-05 10:36:49,406 [Worker-32: Launching mavenrun-08dcbabc-f951-4021-9bb3-421d23ace7c9] INFO  o.eclipse.m2e.core.internal.Bundles - 	Entry: C:\Users\Admin\.p2\pool\plugins\org.eclipse.m2e.maven.runtime_3.9.700.20240602-2313\jars\wagon-file-3.5.3.jar
2025-06-05 10:36:49,407 [Worker-32: Launching mavenrun-08dcbabc-f951-4021-9bb3-421d23ace7c9] INFO  o.eclipse.m2e.core.internal.Bundles - 	Entry: C:\Users\Admin\.p2\pool\plugins\org.eclipse.m2e.maven.runtime_3.9.700.20240602-2313\jars\wagon-http-3.5.3.jar
2025-06-05 10:36:49,407 [Worker-32: Launching mavenrun-08dcbabc-f951-4021-9bb3-421d23ace7c9] INFO  o.eclipse.m2e.core.internal.Bundles - 	Entry: C:\Users\Admin\.p2\pool\plugins\org.eclipse.m2e.maven.runtime_3.9.700.20240602-2313\jars\wagon-http-shared-3.5.3.jar
2025-06-05 10:36:49,407 [Worker-32: Launching mavenrun-08dcbabc-f951-4021-9bb3-421d23ace7c9] INFO  o.eclipse.m2e.core.internal.Bundles - 	Entry: C:\Users\Admin\.p2\pool\plugins\org.eclipse.m2e.maven.runtime_3.9.700.20240602-2313\jars\wagon-provider-api-3.5.3.jar
2025-06-05 10:36:49,409 [Worker-32: Launching mavenrun-08dcbabc-f951-4021-9bb3-421d23ace7c9] INFO  o.eclipse.m2e.core.internal.Bundles - getClasspathEntries(Bundle=com.google.guava_33.4.8.jre [1147])
2025-06-05 10:36:49,409 [Worker-32: Launching mavenrun-08dcbabc-f951-4021-9bb3-421d23ace7c9] INFO  o.eclipse.m2e.core.internal.Bundles - 	Entry: C:\Users\Admin\.p2\pool\plugins\com.google.guava_33.4.8.jre.jar
2025-06-05 10:36:49,409 [Worker-32: Launching mavenrun-08dcbabc-f951-4021-9bb3-421d23ace7c9] INFO  o.eclipse.m2e.core.internal.Bundles - getClasspathEntries(Bundle=slf4j.api_2.0.17 [1007])
2025-06-05 10:36:49,409 [Worker-32: Launching mavenrun-08dcbabc-f951-4021-9bb3-421d23ace7c9] INFO  o.eclipse.m2e.core.internal.Bundles - 	Entry: C:\Users\Admin\.p2\pool\plugins\slf4j.api_2.0.17.jar
2025-06-05 10:36:49,409 [Worker-32: Launching mavenrun-08dcbabc-f951-4021-9bb3-421d23ace7c9] INFO  o.eclipse.m2e.core.internal.Bundles - getClasspathEntries(Bundle=javax.inject_1.0.0.v20091030 [1223])
2025-06-05 10:36:49,410 [Worker-32: Launching mavenrun-08dcbabc-f951-4021-9bb3-421d23ace7c9] INFO  o.eclipse.m2e.core.internal.Bundles - 	Entry: C:\Users\Admin\.p2\pool\plugins\javax.inject_1.0.0.v20091030.jar
2025-06-05 10:36:49,410 [Worker-32: Launching mavenrun-08dcbabc-f951-4021-9bb3-421d23ace7c9] INFO  o.eclipse.m2e.core.internal.Bundles - getClasspathEntries(Bundle=javax.annotation_1.3.5.v20200909-1856 [44])
2025-06-05 10:36:49,410 [Worker-32: Launching mavenrun-08dcbabc-f951-4021-9bb3-421d23ace7c9] INFO  o.eclipse.m2e.core.internal.Bundles - 	Entry: C:\Users\Admin\.p2\pool\plugins\javax.annotation_1.3.5.v20200909-1856.jar
2025-06-05 10:36:49,410 [Worker-32: Launching mavenrun-08dcbabc-f951-4021-9bb3-421d23ace7c9] INFO  o.eclipse.m2e.core.internal.Bundles - getClasspathEntries(Bundle=org.apache.commons.cli_1.9.0 [1161])
2025-06-05 10:36:49,411 [Worker-32: Launching mavenrun-08dcbabc-f951-4021-9bb3-421d23ace7c9] INFO  o.eclipse.m2e.core.internal.Bundles - 	Entry: C:\Users\Admin\.p2\pool\plugins\org.apache.commons.cli_1.9.0.jar
2025-06-05 10:36:49,411 [Worker-32: Launching mavenrun-08dcbabc-f951-4021-9bb3-421d23ace7c9] INFO  o.eclipse.m2e.core.internal.Bundles - getClasspathEntries(Bundle=org.apache.commons.commons-codec_1.16.0 [81])
2025-06-05 10:36:49,411 [Worker-32: Launching mavenrun-08dcbabc-f951-4021-9bb3-421d23ace7c9] INFO  o.eclipse.m2e.core.internal.Bundles - 	Entry: C:\Users\Admin\.p2\pool\plugins\org.apache.commons.commons-codec_1.16.0.jar
2025-06-05 10:36:49,411 [Worker-32: Launching mavenrun-08dcbabc-f951-4021-9bb3-421d23ace7c9] INFO  o.eclipse.m2e.core.internal.Bundles - getClasspathEntries(Bundle=org.apache.commons.lang3_3.17.0 [1064])
2025-06-05 10:36:49,412 [Worker-32: Launching mavenrun-08dcbabc-f951-4021-9bb3-421d23ace7c9] INFO  o.eclipse.m2e.core.internal.Bundles - 	Entry: C:\Users\Admin\.p2\pool\plugins\org.apache.commons.lang3_3.17.0.jar
2025-06-05 10:36:49,412 [Worker-32: Launching mavenrun-08dcbabc-f951-4021-9bb3-421d23ace7c9] INFO  o.eclipse.m2e.core.internal.Bundles - getClasspathEntries(Bundle=com.google.guava.failureaccess_1.0.3 [1148])
2025-06-05 10:36:49,412 [Worker-32: Launching mavenrun-08dcbabc-f951-4021-9bb3-421d23ace7c9] INFO  o.eclipse.m2e.core.internal.Bundles - 	Entry: C:\Users\Admin\.p2\pool\plugins\com.google.guava.failureaccess_1.0.3.jar
2025-06-05 10:36:49,415 [Worker-32: Launching mavenrun-08dcbabc-f951-4021-9bb3-421d23ace7c9] INFO  o.e.m.i.launch.MavenLaunchDelegate - Run build in "C:\Users\Admin\AppData\Local\Temp\m2e-archetypeGenerator8973464089176442644":
2025-06-05 10:36:49,420 [Worker-32: Launching mavenrun-08dcbabc-f951-4021-9bb3-421d23ace7c9] INFO  o.e.m.i.launch.MavenLaunchDelegate -  mvn  -DarchetypeGroupId=org.apache.maven.archetypes -DarchetypeArtifactId=maven-archetype-quickstart -DarchetypeVersion=1.1 -DgroupId=basic -DartifactId=Selenium_Learning -Dversion=0.0.1-SNAPSHOT -Dpackage=basic -DoutputDirectory="C:\Users\Admin\Automation MWTTFS 10-00-11-00" -Dstyle.color=always -U archetype:generate
2025-06-05 10:38:11,983 [Worker-46: Creating maven-archetype-quickstart] INFO  o.e.m.c.i.p.ProjectConfigurationManager - Collecting project info '/pom.xml' C:\Users\Admin\Automation MWTTFS 10-00-11-00\Selenium_Learning\pom.xml
2025-06-05 10:38:12,713 [Worker-46: Creating maven-archetype-quickstart] INFO  o.e.m.c.i.l.LifecycleMappingFactory - Using org.eclipse.m2e.jdt.JarLifecycleMapping lifecycle mapping for MavenProject: basic:Selenium_Learning:0.0.1-SNAPSHOT @ C:\Users\Admin\Automation MWTTFS 10-00-11-00\Selenium_Learning\pom.xml.
2025-06-05 10:38:13,345 [Worker-46: Creating maven-archetype-quickstart] INFO  o.e.m.j.i.AbstractJavaProjectConfigurator - Adding source folder /Selenium_Learning/src/main/java
2025-06-05 10:38:13,347 [Worker-46: Creating maven-archetype-quickstart] INFO  o.e.m.j.i.AbstractJavaProjectConfigurator - Adding resource folder /Selenium_Learning/src/main/resources
2025-06-05 10:38:13,352 [Worker-46: Creating maven-archetype-quickstart] INFO  o.e.m.j.i.AbstractJavaProjectConfigurator - Adding source folder /Selenium_Learning/src/test/java
2025-06-05 10:38:13,352 [Worker-46: Creating maven-archetype-quickstart] INFO  o.e.m.j.i.AbstractJavaProjectConfigurator - Adding resource folder /Selenium_Learning/src/test/resources
2025-06-05 10:38:13,452 [Worker-46: Creating maven-archetype-quickstart] INFO  o.e.m.c.i.p.ProjectConfigurationManager - Imported and configured 1 project(s) in 1 sec
2025-06-05 10:38:15,091 [Worker-32: Building] INFO  o.a.m.s.f.DefaultMavenResourcesFiltering - skip non existing resourceDirectory C:\Users\Admin\Automation MWTTFS 10-00-11-00\Selenium_Learning\src\main\resources
2025-06-05 10:38:15,095 [Worker-32: Building] INFO  o.a.m.s.f.DefaultMavenResourcesFiltering - skip non existing resourceDirectory C:\Users\Admin\Automation MWTTFS 10-00-11-00\Selenium_Learning\src\test\resources
2025-06-05 10:43:36,499 [Worker-49: Building] INFO  o.e.m.c.i.l.LifecycleMappingFactory - Using org.eclipse.m2e.jdt.JarLifecycleMapping lifecycle mapping for MavenProject: basic:Selenium_Learning:0.0.1-SNAPSHOT @ C:\Users\Admin\Automation MWTTFS 10-00-11-00\Selenium_Learning\pom.xml.
2025-06-05 10:43:36,642 [Worker-49: Building] INFO  o.a.m.s.f.DefaultMavenResourcesFiltering - skip non existing resourceDirectory C:\Users\Admin\Automation MWTTFS 10-00-11-00\Selenium_Learning\src\main\resources
2025-06-05 10:43:36,646 [Worker-49: Building] INFO  o.a.m.s.f.DefaultMavenResourcesFiltering - skip non existing resourceDirectory C:\Users\Admin\Automation MWTTFS 10-00-11-00\Selenium_Learning\src\test\resources
2025-06-05 10:44:12,715 [Worker-49: Building] INFO  o.e.m.c.i.l.LifecycleMappingFactory - Using org.eclipse.m2e.jdt.JarLifecycleMapping lifecycle mapping for MavenProject: basic:Selenium_Learning:0.0.1-SNAPSHOT @ C:\Users\Admin\Automation MWTTFS 10-00-11-00\Selenium_Learning\pom.xml.
2025-06-05 10:44:12,814 [Worker-49: Building] INFO  o.a.m.s.f.DefaultMavenResourcesFiltering - skip non existing resourceDirectory C:\Users\Admin\Automation MWTTFS 10-00-11-00\Selenium_Learning\src\main\resources
2025-06-05 10:44:12,817 [Worker-49: Building] INFO  o.a.m.s.f.DefaultMavenResourcesFiltering - skip non existing resourceDirectory C:\Users\Admin\Automation MWTTFS 10-00-11-00\Selenium_Learning\src\test\resources
2025-06-05 10:47:38,000 [Worker-52: Building] INFO  o.e.m.c.i.l.LifecycleMappingFactory - Using org.eclipse.m2e.jdt.JarLifecycleMapping lifecycle mapping for MavenProject: basic:Selenium_Learning:0.0.1-SNAPSHOT @ C:\Users\Admin\Automation MWTTFS 10-00-11-00\Selenium_Learning\pom.xml.
2025-06-05 10:47:38,308 [Worker-52: Building] INFO  o.e.m.c.i.e.AbstractTransferListenerAdapter - Downloading https://repo.maven.apache.org/maven2/org/seleniumhq/selenium/selenium-java/4.33.0/selenium-java-4.33.0.pom
2025-06-05 10:47:38,315 [Worker-52: Building] INFO  o.e.m.c.i.e.AbstractTransferListenerAdapter - Downloaded https://repo.maven.apache.org/maven2/org/seleniumhq/selenium/selenium-java/4.33.0/selenium-java-4.33.0.pom
2025-06-05 10:47:38,388 [Worker-52: Building] INFO  o.e.m.c.i.e.AbstractTransferListenerAdapter - Downloading https://repo.maven.apache.org/maven2/org/seleniumhq/selenium/selenium-chrome-driver/4.33.0/selenium-chrome-driver-4.33.0.pom
2025-06-05 10:47:38,394 [Worker-52: Building] INFO  o.e.m.c.i.e.AbstractTransferListenerAdapter - Downloaded https://repo.maven.apache.org/maven2/org/seleniumhq/selenium/selenium-chrome-driver/4.33.0/selenium-chrome-driver-4.33.0.pom
2025-06-05 10:47:38,463 [Worker-52: Building] INFO  o.e.m.c.i.e.AbstractTransferListenerAdapter - Downloading https://repo.maven.apache.org/maven2/org/seleniumhq/selenium/selenium-chromium-driver/4.33.0/selenium-chromium-driver-4.33.0.pom
2025-06-05 10:47:38,467 [Worker-52: Building] INFO  o.e.m.c.i.e.AbstractTransferListenerAdapter - Downloaded https://repo.maven.apache.org/maven2/org/seleniumhq/selenium/selenium-chromium-driver/4.33.0/selenium-chromium-driver-4.33.0.pom
2025-06-05 10:47:38,627 [Worker-52: Building] INFO  o.e.m.c.i.e.AbstractTransferListenerAdapter - Downloading https://repo.maven.apache.org/maven2/org/seleniumhq/selenium/selenium-devtools-v135/4.33.0/selenium-devtools-v135-4.33.0.pom
2025-06-05 10:47:38,630 [Worker-52: Building] INFO  o.e.m.c.i.e.AbstractTransferListenerAdapter - Downloaded https://repo.maven.apache.org/maven2/org/seleniumhq/selenium/selenium-devtools-v135/4.33.0/selenium-devtools-v135-4.33.0.pom
2025-06-05 10:47:38,744 [Worker-52: Building] INFO  o.e.m.c.i.e.AbstractTransferListenerAdapter - Downloading https://repo.maven.apache.org/maven2/org/seleniumhq/selenium/selenium-devtools-v136/4.33.0/selenium-devtools-v136-4.33.0.pom
2025-06-05 10:47:38,748 [Worker-52: Building] INFO  o.e.m.c.i.e.AbstractTransferListenerAdapter - Downloaded https://repo.maven.apache.org/maven2/org/seleniumhq/selenium/selenium-devtools-v136/4.33.0/selenium-devtools-v136-4.33.0.pom
2025-06-05 10:47:38,868 [Worker-52: Building] INFO  o.e.m.c.i.e.AbstractTransferListenerAdapter - Downloading https://repo.maven.apache.org/maven2/org/seleniumhq/selenium/selenium-devtools-v137/4.33.0/selenium-devtools-v137-4.33.0.pom
2025-06-05 10:47:38,876 [Worker-52: Building] INFO  o.e.m.c.i.e.AbstractTransferListenerAdapter - Downloaded https://repo.maven.apache.org/maven2/org/seleniumhq/selenium/selenium-devtools-v137/4.33.0/selenium-devtools-v137-4.33.0.pom
2025-06-05 10:47:38,936 [Worker-52: Building] INFO  o.e.m.c.i.e.AbstractTransferListenerAdapter - Downloading https://repo.maven.apache.org/maven2/org/seleniumhq/selenium/selenium-edge-driver/4.33.0/selenium-edge-driver-4.33.0.pom
2025-06-05 10:47:38,948 [Worker-52: Building] INFO  o.e.m.c.i.e.AbstractTransferListenerAdapter - Downloaded https://repo.maven.apache.org/maven2/org/seleniumhq/selenium/selenium-edge-driver/4.33.0/selenium-edge-driver-4.33.0.pom
2025-06-05 10:47:39,006 [Worker-52: Building] INFO  o.e.m.c.i.e.AbstractTransferListenerAdapter - Downloading https://repo.maven.apache.org/maven2/org/seleniumhq/selenium/selenium-firefox-driver/4.33.0/selenium-firefox-driver-4.33.0.pom
2025-06-05 10:47:39,015 [Worker-52: Building] INFO  o.e.m.c.i.e.AbstractTransferListenerAdapter - Downloaded https://repo.maven.apache.org/maven2/org/seleniumhq/selenium/selenium-firefox-driver/4.33.0/selenium-firefox-driver-4.33.0.pom
2025-06-05 10:47:39,075 [Worker-52: Building] INFO  o.e.m.c.i.e.AbstractTransferListenerAdapter - Downloading https://repo.maven.apache.org/maven2/org/seleniumhq/selenium/selenium-ie-driver/4.33.0/selenium-ie-driver-4.33.0.pom
2025-06-05 10:47:39,083 [Worker-52: Building] INFO  o.e.m.c.i.e.AbstractTransferListenerAdapter - Downloaded https://repo.maven.apache.org/maven2/org/seleniumhq/selenium/selenium-ie-driver/4.33.0/selenium-ie-driver-4.33.0.pom
2025-06-05 10:47:39,144 [Worker-52: Building] INFO  o.e.m.c.i.e.AbstractTransferListenerAdapter - Downloading https://repo.maven.apache.org/maven2/org/seleniumhq/selenium/selenium-safari-driver/4.33.0/selenium-safari-driver-4.33.0.pom
2025-06-05 10:47:39,151 [Worker-52: Building] INFO  o.e.m.c.i.e.AbstractTransferListenerAdapter - Downloaded https://repo.maven.apache.org/maven2/org/seleniumhq/selenium/selenium-safari-driver/4.33.0/selenium-safari-driver-4.33.0.pom
2025-06-05 10:47:39,257 [Worker-52: Building] INFO  o.e.m.c.i.e.AbstractTransferListenerAdapter - Downloading https://repo.maven.apache.org/maven2/org/seleniumhq/selenium/selenium-java/4.33.0/selenium-java-4.33.0.jar
2025-06-05 10:47:39,261 [Worker-52: Building] INFO  o.e.m.c.i.e.AbstractTransferListenerAdapter - Downloaded https://repo.maven.apache.org/maven2/org/seleniumhq/selenium/selenium-java/4.33.0/selenium-java-4.33.0.jar
2025-06-05 10:47:39,317 [BasicRepositoryConnector-repo.maven.apache.org-0-1] INFO  o.e.m.c.i.e.AbstractTransferListenerAdapter - Downloading https://repo.maven.apache.org/maven2/org/seleniumhq/selenium/selenium-chromium-driver/4.33.0/selenium-chromium-driver-4.33.0.jar
2025-06-05 10:47:39,381 [BasicRepositoryConnector-repo.maven.apache.org-0-1] INFO  o.e.m.c.i.e.AbstractTransferListenerAdapter - Downloaded https://repo.maven.apache.org/maven2/org/seleniumhq/selenium/selenium-chromium-driver/4.33.0/selenium-chromium-driver-4.33.0.jar
2025-06-05 10:47:39,436 [BasicRepositoryConnector-repo.maven.apache.org-0-1] INFO  o.e.m.c.i.e.AbstractTransferListenerAdapter - Downloading https://repo.maven.apache.org/maven2/org/seleniumhq/selenium/selenium-devtools-v137/4.33.0/selenium-devtools-v137-4.33.0.jar
2025-06-05 10:47:39,446 [BasicRepositoryConnector-repo.maven.apache.org-0-4] INFO  o.e.m.c.i.e.AbstractTransferListenerAdapter - Downloading https://repo.maven.apache.org/maven2/org/seleniumhq/selenium/selenium-devtools-v136/4.33.0/selenium-devtools-v136-4.33.0.jar
2025-06-05 10:47:39,450 [BasicRepositoryConnector-repo.maven.apache.org-0-0] INFO  o.e.m.c.i.e.AbstractTransferListenerAdapter - Downloading https://repo.maven.apache.org/maven2/org/seleniumhq/selenium/selenium-chrome-driver/4.33.0/selenium-chrome-driver-4.33.0.jar
2025-06-05 10:47:39,457 [BasicRepositoryConnector-repo.maven.apache.org-0-0] INFO  o.e.m.c.i.e.AbstractTransferListenerAdapter - Downloaded https://repo.maven.apache.org/maven2/org/seleniumhq/selenium/selenium-chrome-driver/4.33.0/selenium-chrome-driver-4.33.0.jar
2025-06-05 10:47:39,474 [BasicRepositoryConnector-repo.maven.apache.org-0-2] INFO  o.e.m.c.i.e.AbstractTransferListenerAdapter - Downloading https://repo.maven.apache.org/maven2/org/seleniumhq/selenium/selenium-json/4.33.0/selenium-json-4.33.0.jar
2025-06-05 10:47:39,488 [BasicRepositoryConnector-repo.maven.apache.org-0-3] INFO  o.e.m.c.i.e.AbstractTransferListenerAdapter - Downloading https://repo.maven.apache.org/maven2/org/seleniumhq/selenium/selenium-devtools-v135/4.33.0/selenium-devtools-v135-4.33.0.jar
2025-06-05 10:47:39,520 [BasicRepositoryConnector-repo.maven.apache.org-0-0] INFO  o.e.m.c.i.e.AbstractTransferListenerAdapter - Downloading https://repo.maven.apache.org/maven2/org/seleniumhq/selenium/selenium-edge-driver/4.33.0/selenium-edge-driver-4.33.0.jar
2025-06-05 10:47:39,585 [BasicRepositoryConnector-repo.maven.apache.org-0-2] INFO  o.e.m.c.i.e.AbstractTransferListenerAdapter - Downloaded https://repo.maven.apache.org/maven2/org/seleniumhq/selenium/selenium-json/4.33.0/selenium-json-4.33.0.jar
2025-06-05 10:47:39,654 [BasicRepositoryConnector-repo.maven.apache.org-0-2] INFO  o.e.m.c.i.e.AbstractTransferListenerAdapter - Downloading https://repo.maven.apache.org/maven2/org/seleniumhq/selenium/selenium-firefox-driver/4.33.0/selenium-firefox-driver-4.33.0.jar
2025-06-05 10:47:39,748 [BasicRepositoryConnector-repo.maven.apache.org-0-2] INFO  o.e.m.c.i.e.AbstractTransferListenerAdapter - Downloaded https://repo.maven.apache.org/maven2/org/seleniumhq/selenium/selenium-firefox-driver/4.33.0/selenium-firefox-driver-4.33.0.jar
2025-06-05 10:47:39,818 [BasicRepositoryConnector-repo.maven.apache.org-0-2] INFO  o.e.m.c.i.e.AbstractTransferListenerAdapter - Downloading https://repo.maven.apache.org/maven2/org/seleniumhq/selenium/selenium-ie-driver/4.33.0/selenium-ie-driver-4.33.0.jar
2025-06-05 10:47:39,834 [BasicRepositoryConnector-repo.maven.apache.org-0-2] INFO  o.e.m.c.i.e.AbstractTransferListenerAdapter - Downloaded https://repo.maven.apache.org/maven2/org/seleniumhq/selenium/selenium-ie-driver/4.33.0/selenium-ie-driver-4.33.0.jar
2025-06-05 10:47:39,901 [BasicRepositoryConnector-repo.maven.apache.org-0-2] INFO  o.e.m.c.i.e.AbstractTransferListenerAdapter - Downloading https://repo.maven.apache.org/maven2/com/google/errorprone/error_prone_annotations/2.36.0/error_prone_annotations-2.36.0.jar
2025-06-05 10:47:39,912 [BasicRepositoryConnector-repo.maven.apache.org-0-0] INFO  o.e.m.c.i.e.AbstractTransferListenerAdapter - Downloaded https://repo.maven.apache.org/maven2/org/seleniumhq/selenium/selenium-edge-driver/4.33.0/selenium-edge-driver-4.33.0.jar
2025-06-05 10:47:39,921 [BasicRepositoryConnector-repo.maven.apache.org-0-2] INFO  o.e.m.c.i.e.AbstractTransferListenerAdapter - Downloaded https://repo.maven.apache.org/maven2/com/google/errorprone/error_prone_annotations/2.36.0/error_prone_annotations-2.36.0.jar
2025-06-05 10:47:39,974 [BasicRepositoryConnector-repo.maven.apache.org-0-0] INFO  o.e.m.c.i.e.AbstractTransferListenerAdapter - Downloading https://repo.maven.apache.org/maven2/org/seleniumhq/selenium/selenium-safari-driver/4.33.0/selenium-safari-driver-4.33.0.jar
2025-06-05 10:47:39,990 [BasicRepositoryConnector-repo.maven.apache.org-0-2] INFO  o.e.m.c.i.e.AbstractTransferListenerAdapter - Downloading https://repo.maven.apache.org/maven2/org/seleniumhq/selenium/selenium-support/4.33.0/selenium-support-4.33.0.jar
2025-06-05 10:47:39,997 [BasicRepositoryConnector-repo.maven.apache.org-0-0] INFO  o.e.m.c.i.e.AbstractTransferListenerAdapter - Downloaded https://repo.maven.apache.org/maven2/org/seleniumhq/selenium/selenium-safari-driver/4.33.0/selenium-safari-driver-4.33.0.jar
2025-06-05 10:47:40,165 [BasicRepositoryConnector-repo.maven.apache.org-0-2] INFO  o.e.m.c.i.e.AbstractTransferListenerAdapter - Downloaded https://repo.maven.apache.org/maven2/org/seleniumhq/selenium/selenium-support/4.33.0/selenium-support-4.33.0.jar
2025-06-05 10:47:40,918 [BasicRepositoryConnector-repo.maven.apache.org-0-4] INFO  o.e.m.c.i.e.AbstractTransferListenerAdapter - Downloaded https://repo.maven.apache.org/maven2/org/seleniumhq/selenium/selenium-devtools-v136/4.33.0/selenium-devtools-v136-4.33.0.jar
2025-06-05 10:47:41,289 [BasicRepositoryConnector-repo.maven.apache.org-0-3] INFO  o.e.m.c.i.e.AbstractTransferListenerAdapter - Downloaded https://repo.maven.apache.org/maven2/org/seleniumhq/selenium/selenium-devtools-v135/4.33.0/selenium-devtools-v135-4.33.0.jar
2025-06-05 10:47:41,478 [BasicRepositoryConnector-repo.maven.apache.org-0-1] INFO  o.e.m.c.i.e.AbstractTransferListenerAdapter - Downloaded https://repo.maven.apache.org/maven2/org/seleniumhq/selenium/selenium-devtools-v137/4.33.0/selenium-devtools-v137-4.33.0.jar
2025-06-05 10:47:41,672 [Worker-52: Building] INFO  o.a.m.s.f.DefaultMavenResourcesFiltering - skip non existing resourceDirectory C:\Users\Admin\Automation MWTTFS 10-00-11-00\Selenium_Learning\src\main\resources
2025-06-05 10:47:41,674 [Worker-52: Building] INFO  o.a.m.s.f.DefaultMavenResourcesFiltering - skip non existing resourceDirectory C:\Users\Admin\Automation MWTTFS 10-00-11-00\Selenium_Learning\src\test\resources
2025-06-05 10:47:42,772 [Worker-47: Download sources and javadoc] INFO  o.e.m.c.i.e.AbstractTransferListenerAdapter - Downloading https://repo.maven.apache.org/maven2/org/seleniumhq/selenium/selenium-java/4.33.0/selenium-java-4.33.0-sources.jar
2025-06-05 10:47:42,776 [Worker-47: Download sources and javadoc] INFO  o.e.m.c.i.e.AbstractTransferListenerAdapter - Downloaded https://repo.maven.apache.org/maven2/org/seleniumhq/selenium/selenium-java/4.33.0/selenium-java-4.33.0-sources.jar
2025-06-05 10:47:42,781 [Worker-47: Download sources and javadoc] INFO  o.e.m.j.internal.DownloadSourcesJob - Downloaded sources for org.seleniumhq.selenium:selenium-java:4.33.0
2025-06-05 10:47:42,971 [Worker-47: Download sources and javadoc] INFO  o.e.m.c.i.e.AbstractTransferListenerAdapter - Downloading https://repo.maven.apache.org/maven2/org/seleniumhq/selenium/selenium-chrome-driver/4.33.0/selenium-chrome-driver-4.33.0-sources.jar
2025-06-05 10:47:42,976 [Worker-47: Download sources and javadoc] INFO  o.e.m.c.i.e.AbstractTransferListenerAdapter - Downloaded https://repo.maven.apache.org/maven2/org/seleniumhq/selenium/selenium-chrome-driver/4.33.0/selenium-chrome-driver-4.33.0-sources.jar
2025-06-05 10:47:42,979 [Worker-47: Download sources and javadoc] INFO  o.e.m.j.internal.DownloadSourcesJob - Downloaded sources for org.seleniumhq.selenium:selenium-chrome-driver:4.33.0
2025-06-05 10:47:43,146 [Worker-55: Building] INFO  o.a.m.s.f.DefaultMavenResourcesFiltering - skip non existing resourceDirectory C:\Users\Admin\Automation MWTTFS 10-00-11-00\Selenium_Learning\src\main\resources
2025-06-05 10:47:43,148 [Worker-55: Building] INFO  o.a.m.s.f.DefaultMavenResourcesFiltering - skip non existing resourceDirectory C:\Users\Admin\Automation MWTTFS 10-00-11-00\Selenium_Learning\src\test\resources
2025-06-05 10:47:43,257 [Worker-47: Download sources and javadoc] INFO  o.e.m.c.i.e.AbstractTransferListenerAdapter - Downloading https://repo.maven.apache.org/maven2/org/seleniumhq/selenium/selenium-chromium-driver/4.33.0/selenium-chromium-driver-4.33.0-sources.jar
2025-06-05 10:47:43,269 [Worker-47: Download sources and javadoc] INFO  o.e.m.c.i.e.AbstractTransferListenerAdapter - Downloaded https://repo.maven.apache.org/maven2/org/seleniumhq/selenium/selenium-chromium-driver/4.33.0/selenium-chromium-driver-4.33.0-sources.jar
2025-06-05 10:47:43,272 [Worker-47: Download sources and javadoc] INFO  o.e.m.j.internal.DownloadSourcesJob - Downloaded sources for org.seleniumhq.selenium:selenium-chromium-driver:4.33.0
2025-06-05 10:47:43,446 [Worker-47: Download sources and javadoc] INFO  o.e.m.c.i.e.AbstractTransferListenerAdapter - Downloading https://repo.maven.apache.org/maven2/org/seleniumhq/selenium/selenium-json/4.33.0/selenium-json-4.33.0-sources.jar
2025-06-05 10:47:43,524 [Worker-47: Download sources and javadoc] INFO  o.e.m.c.i.e.AbstractTransferListenerAdapter - Downloaded https://repo.maven.apache.org/maven2/org/seleniumhq/selenium/selenium-json/4.33.0/selenium-json-4.33.0-sources.jar
2025-06-05 10:47:43,527 [Worker-47: Download sources and javadoc] INFO  o.e.m.j.internal.DownloadSourcesJob - Downloaded sources for org.seleniumhq.selenium:selenium-json:4.33.0
2025-06-05 10:47:43,769 [Worker-47: Download sources and javadoc] INFO  o.e.m.c.i.e.AbstractTransferListenerAdapter - Downloading https://repo.maven.apache.org/maven2/org/seleniumhq/selenium/selenium-devtools-v135/4.33.0/selenium-devtools-v135-4.33.0-sources.jar
2025-06-05 10:47:44,868 [Worker-47: Download sources and javadoc] INFO  o.e.m.c.i.e.AbstractTransferListenerAdapter - Downloaded https://repo.maven.apache.org/maven2/org/seleniumhq/selenium/selenium-devtools-v135/4.33.0/selenium-devtools-v135-4.33.0-sources.jar
2025-06-05 10:47:44,874 [Worker-47: Download sources and javadoc] INFO  o.e.m.j.internal.DownloadSourcesJob - Downloaded sources for org.seleniumhq.selenium:selenium-devtools-v135:4.33.0
2025-06-05 10:47:45,068 [Worker-47: Download sources and javadoc] INFO  o.e.m.c.i.e.AbstractTransferListenerAdapter - Downloading https://repo.maven.apache.org/maven2/org/seleniumhq/selenium/selenium-devtools-v136/4.33.0/selenium-devtools-v136-4.33.0-sources.jar
2025-06-05 10:47:45,863 [Worker-47: Download sources and javadoc] INFO  o.e.m.c.i.e.AbstractTransferListenerAdapter - Downloaded https://repo.maven.apache.org/maven2/org/seleniumhq/selenium/selenium-devtools-v136/4.33.0/selenium-devtools-v136-4.33.0-sources.jar
2025-06-05 10:47:45,866 [Worker-47: Download sources and javadoc] INFO  o.e.m.j.internal.DownloadSourcesJob - Downloaded sources for org.seleniumhq.selenium:selenium-devtools-v136:4.33.0
2025-06-05 10:47:46,116 [Worker-47: Download sources and javadoc] INFO  o.e.m.c.i.e.AbstractTransferListenerAdapter - Downloading https://repo.maven.apache.org/maven2/org/seleniumhq/selenium/selenium-devtools-v137/4.33.0/selenium-devtools-v137-4.33.0-sources.jar
2025-06-05 10:47:47,175 [Worker-47: Download sources and javadoc] INFO  o.e.m.c.i.e.AbstractTransferListenerAdapter - Downloaded https://repo.maven.apache.org/maven2/org/seleniumhq/selenium/selenium-devtools-v137/4.33.0/selenium-devtools-v137-4.33.0-sources.jar
2025-06-05 10:47:47,182 [Worker-47: Download sources and javadoc] INFO  o.e.m.j.internal.DownloadSourcesJob - Downloaded sources for org.seleniumhq.selenium:selenium-devtools-v137:4.33.0
2025-06-05 10:47:47,419 [Worker-47: Download sources and javadoc] INFO  o.e.m.c.i.e.AbstractTransferListenerAdapter - Downloading https://repo.maven.apache.org/maven2/org/seleniumhq/selenium/selenium-edge-driver/4.33.0/selenium-edge-driver-4.33.0-sources.jar
2025-06-05 10:47:47,427 [Worker-47: Download sources and javadoc] INFO  o.e.m.c.i.e.AbstractTransferListenerAdapter - Downloaded https://repo.maven.apache.org/maven2/org/seleniumhq/selenium/selenium-edge-driver/4.33.0/selenium-edge-driver-4.33.0-sources.jar
2025-06-05 10:47:47,429 [Worker-47: Download sources and javadoc] INFO  o.e.m.j.internal.DownloadSourcesJob - Downloaded sources for org.seleniumhq.selenium:selenium-edge-driver:4.33.0
2025-06-05 10:47:47,603 [Worker-47: Download sources and javadoc] INFO  o.e.m.c.i.e.AbstractTransferListenerAdapter - Downloading https://repo.maven.apache.org/maven2/org/seleniumhq/selenium/selenium-firefox-driver/4.33.0/selenium-firefox-driver-4.33.0-sources.jar
2025-06-05 10:47:47,674 [Worker-47: Download sources and javadoc] INFO  o.e.m.c.i.e.AbstractTransferListenerAdapter - Downloaded https://repo.maven.apache.org/maven2/org/seleniumhq/selenium/selenium-firefox-driver/4.33.0/selenium-firefox-driver-4.33.0-sources.jar
2025-06-05 10:47:47,677 [Worker-47: Download sources and javadoc] INFO  o.e.m.j.internal.DownloadSourcesJob - Downloaded sources for org.seleniumhq.selenium:selenium-firefox-driver:4.33.0
2025-06-05 10:47:47,910 [Worker-47: Download sources and javadoc] INFO  o.e.m.c.i.e.AbstractTransferListenerAdapter - Downloading https://repo.maven.apache.org/maven2/org/seleniumhq/selenium/selenium-ie-driver/4.33.0/selenium-ie-driver-4.33.0-sources.jar
2025-06-05 10:47:47,919 [Worker-47: Download sources and javadoc] INFO  o.e.m.c.i.e.AbstractTransferListenerAdapter - Downloaded https://repo.maven.apache.org/maven2/org/seleniumhq/selenium/selenium-ie-driver/4.33.0/selenium-ie-driver-4.33.0-sources.jar
2025-06-05 10:47:47,922 [Worker-47: Download sources and javadoc] INFO  o.e.m.j.internal.DownloadSourcesJob - Downloaded sources for org.seleniumhq.selenium:selenium-ie-driver:4.33.0
2025-06-05 10:47:48,085 [Worker-47: Download sources and javadoc] INFO  o.e.m.c.i.e.AbstractTransferListenerAdapter - Downloading https://repo.maven.apache.org/maven2/com/google/errorprone/error_prone_annotations/2.36.0/error_prone_annotations-2.36.0-sources.jar
2025-06-05 10:47:48,155 [Worker-47: Download sources and javadoc] INFO  o.e.m.c.i.e.AbstractTransferListenerAdapter - Downloaded https://repo.maven.apache.org/maven2/com/google/errorprone/error_prone_annotations/2.36.0/error_prone_annotations-2.36.0-sources.jar
2025-06-05 10:47:48,158 [Worker-47: Download sources and javadoc] INFO  o.e.m.j.internal.DownloadSourcesJob - Downloaded sources for com.google.errorprone:error_prone_annotations:2.36.0
2025-06-05 10:47:48,397 [Worker-47: Download sources and javadoc] INFO  o.e.m.c.i.e.AbstractTransferListenerAdapter - Downloading https://repo.maven.apache.org/maven2/org/seleniumhq/selenium/selenium-safari-driver/4.33.0/selenium-safari-driver-4.33.0-sources.jar
2025-06-05 10:47:48,411 [Worker-47: Download sources and javadoc] INFO  o.e.m.c.i.e.AbstractTransferListenerAdapter - Downloaded https://repo.maven.apache.org/maven2/org/seleniumhq/selenium/selenium-safari-driver/4.33.0/selenium-safari-driver-4.33.0-sources.jar
2025-06-05 10:47:48,417 [Worker-47: Download sources and javadoc] INFO  o.e.m.j.internal.DownloadSourcesJob - Downloaded sources for org.seleniumhq.selenium:selenium-safari-driver:4.33.0
2025-06-05 10:47:48,606 [Worker-47: Download sources and javadoc] INFO  o.e.m.c.i.e.AbstractTransferListenerAdapter - Downloading https://repo.maven.apache.org/maven2/org/seleniumhq/selenium/selenium-support/4.33.0/selenium-support-4.33.0-sources.jar
2025-06-05 10:47:48,689 [Worker-47: Download sources and javadoc] INFO  o.e.m.c.i.e.AbstractTransferListenerAdapter - Downloaded https://repo.maven.apache.org/maven2/org/seleniumhq/selenium/selenium-support/4.33.0/selenium-support-4.33.0-sources.jar
2025-06-05 10:47:48,692 [Worker-47: Download sources and javadoc] INFO  o.e.m.j.internal.DownloadSourcesJob - Downloaded sources for org.seleniumhq.selenium:selenium-support:4.33.0
2025-06-05 10:50:20,398 [Worker-50: Updating Maven Project] INFO  o.e.m.c.i.p.ProjectConfigurationManager - Update started
2025-06-05 10:50:20,575 [Worker-50: Updating Maven Project] INFO  o.e.m.c.i.l.LifecycleMappingFactory - Using org.eclipse.m2e.jdt.JarLifecycleMapping lifecycle mapping for MavenProject: basic:Selenium_Learning:0.0.1-SNAPSHOT @ C:\Users\Admin\Automation MWTTFS 10-00-11-00\Selenium_Learning\pom.xml.
2025-06-05 10:50:20,865 [Worker-50: Updating Maven Project] INFO  o.e.m.j.i.AbstractJavaProjectConfigurator - Adding source folder /Selenium_Learning/src/main/java
2025-06-05 10:50:20,866 [Worker-50: Updating Maven Project] INFO  o.e.m.j.i.AbstractJavaProjectConfigurator - Adding resource folder /Selenium_Learning/src/main/resources
2025-06-05 10:50:20,866 [Worker-50: Updating Maven Project] INFO  o.e.m.j.i.AbstractJavaProjectConfigurator - Adding source folder /Selenium_Learning/src/test/java
2025-06-05 10:50:20,867 [Worker-50: Updating Maven Project] INFO  o.e.m.j.i.AbstractJavaProjectConfigurator - Adding resource folder /Selenium_Learning/src/test/resources
2025-06-05 10:50:20,993 [Worker-50: Updating Maven Project] INFO  o.e.m.c.i.p.ProjectConfigurationManager - Update completed for 1 poms: local refresh takes 0.00 sec, refresh facades takes 0.00 sec, update config takes 0.00 sec 
2025-06-05 10:50:21,163 [Worker-55: Building] INFO  o.a.m.s.f.DefaultMavenResourcesFiltering - skip non existing resourceDirectory C:\Users\Admin\Automation MWTTFS 10-00-11-00\Selenium_Learning\src\main\resources
2025-06-05 10:50:21,166 [Worker-55: Building] INFO  o.a.m.s.f.DefaultMavenResourcesFiltering - skip non existing resourceDirectory C:\Users\Admin\Automation MWTTFS 10-00-11-00\Selenium_Learning\src\test\resources
2025-06-05 10:52:23,723 [Worker-54: Building] INFO  o.a.m.s.f.DefaultMavenResourcesFiltering - skip non existing resourceDirectory C:\Users\Admin\Automation MWTTFS 10-00-11-00\Selenium_Learning\src\main\resources
2025-06-05 10:52:23,726 [Worker-54: Building] INFO  o.a.m.s.f.DefaultMavenResourcesFiltering - skip non existing resourceDirectory C:\Users\Admin\Automation MWTTFS 10-00-11-00\Selenium_Learning\src\test\resources
2025-06-05 10:52:25,816 [Worker-55: Building] INFO  o.a.m.s.f.DefaultMavenResourcesFiltering - skip non existing resourceDirectory C:\Users\Admin\Automation MWTTFS 10-00-11-00\Selenium_Learning\src\main\resources
2025-06-05 10:52:25,818 [Worker-55: Building] INFO  o.a.m.s.f.DefaultMavenResourcesFiltering - skip non existing resourceDirectory C:\Users\Admin\Automation MWTTFS 10-00-11-00\Selenium_Learning\src\test\resources
2025-06-05 10:57:08,273 [Worker-57: Building] INFO  o.a.m.s.f.DefaultMavenResourcesFiltering - skip non existing resourceDirectory C:\Users\Admin\Automation MWTTFS 10-00-11-00\Selenium_Learning\src\main\resources
2025-06-05 10:57:08,275 [Worker-57: Building] INFO  o.a.m.s.f.DefaultMavenResourcesFiltering - skip non existing resourceDirectory C:\Users\Admin\Automation MWTTFS 10-00-11-00\Selenium_Learning\src\test\resources
2025-06-05 10:57:47,242 [Worker-58: Building] INFO  o.a.m.s.f.DefaultMavenResourcesFiltering - skip non existing resourceDirectory C:\Users\Admin\Automation MWTTFS 10-00-11-00\Selenium_Learning\src\main\resources
2025-06-05 10:57:47,244 [Worker-58: Building] INFO  o.a.m.s.f.DefaultMavenResourcesFiltering - skip non existing resourceDirectory C:\Users\Admin\Automation MWTTFS 10-00-11-00\Selenium_Learning\src\test\resources
2025-06-05 11:00:27,301 [Worker-56: Building] INFO  o.a.m.s.f.DefaultMavenResourcesFiltering - skip non existing resourceDirectory C:\Users\Admin\Automation MWTTFS 10-00-11-00\Selenium_Learning\src\main\resources
2025-06-05 11:00:27,303 [Worker-56: Building] INFO  o.a.m.s.f.DefaultMavenResourcesFiltering - skip non existing resourceDirectory C:\Users\Admin\Automation MWTTFS 10-00-11-00\Selenium_Learning\src\test\resources
2025-06-05 11:00:35,231 [Worker-57: Building] INFO  o.a.m.s.f.DefaultMavenResourcesFiltering - skip non existing resourceDirectory C:\Users\Admin\Automation MWTTFS 10-00-11-00\Selenium_Learning\src\main\resources
2025-06-05 11:00:35,232 [Worker-57: Building] INFO  o.a.m.s.f.DefaultMavenResourcesFiltering - skip non existing resourceDirectory C:\Users\Admin\Automation MWTTFS 10-00-11-00\Selenium_Learning\src\test\resources
2025-06-05 11:01:09,869 [Worker-58: Building] INFO  o.a.m.s.f.DefaultMavenResourcesFiltering - skip non existing resourceDirectory C:\Users\Admin\Automation MWTTFS 10-00-11-00\Selenium_Learning\src\main\resources
2025-06-05 11:01:09,871 [Worker-58: Building] INFO  o.a.m.s.f.DefaultMavenResourcesFiltering - skip non existing resourceDirectory C:\Users\Admin\Automation MWTTFS 10-00-11-00\Selenium_Learning\src\test\resources
2025-06-05 11:02:05,876 [Worker-57: Building] INFO  o.a.m.s.f.DefaultMavenResourcesFiltering - skip non existing resourceDirectory C:\Users\Admin\Automation MWTTFS 10-00-11-00\Selenium_Learning\src\main\resources
2025-06-05 11:02:05,878 [Worker-57: Building] INFO  o.a.m.s.f.DefaultMavenResourcesFiltering - skip non existing resourceDirectory C:\Users\Admin\Automation MWTTFS 10-00-11-00\Selenium_Learning\src\test\resources
2025-06-05 11:02:10,822 [Worker-52: Building] INFO  o.a.m.s.f.DefaultMavenResourcesFiltering - skip non existing resourceDirectory C:\Users\Admin\Automation MWTTFS 10-00-11-00\Selenium_Learning\src\main\resources
2025-06-05 11:02:10,823 [Worker-52: Building] INFO  o.a.m.s.f.DefaultMavenResourcesFiltering - skip non existing resourceDirectory C:\Users\Admin\Automation MWTTFS 10-00-11-00\Selenium_Learning\src\test\resources
2025-06-05 11:02:11,853 [Worker-57: Building] INFO  o.a.m.s.f.DefaultMavenResourcesFiltering - skip non existing resourceDirectory C:\Users\Admin\Automation MWTTFS 10-00-11-00\Selenium_Learning\src\main\resources
2025-06-05 11:02:11,855 [Worker-57: Building] INFO  o.a.m.s.f.DefaultMavenResourcesFiltering - skip non existing resourceDirectory C:\Users\Admin\Automation MWTTFS 10-00-11-00\Selenium_Learning\src\test\resources
2025-06-05 11:02:42,675 [Worker-58: Building] INFO  o.a.m.s.f.DefaultMavenResourcesFiltering - skip non existing resourceDirectory C:\Users\Admin\Automation MWTTFS 10-00-11-00\Selenium_Learning\src\main\resources
2025-06-05 11:02:42,676 [Worker-58: Building] INFO  o.a.m.s.f.DefaultMavenResourcesFiltering - skip non existing resourceDirectory C:\Users\Admin\Automation MWTTFS 10-00-11-00\Selenium_Learning\src\test\resources
2025-06-05 11:02:44,227 [Worker-59: Building] INFO  o.a.m.s.f.DefaultMavenResourcesFiltering - skip non existing resourceDirectory C:\Users\Admin\Automation MWTTFS 10-00-11-00\Selenium_Learning\src\main\resources
2025-06-05 11:02:44,228 [Worker-59: Building] INFO  o.a.m.s.f.DefaultMavenResourcesFiltering - skip non existing resourceDirectory C:\Users\Admin\Automation MWTTFS 10-00-11-00\Selenium_Learning\src\test\resources
2025-06-05 11:02:59,213 [Worker-60: Building] INFO  o.a.m.s.f.DefaultMavenResourcesFiltering - skip non existing resourceDirectory C:\Users\Admin\Automation MWTTFS 10-00-11-00\Selenium_Learning\src\main\resources
2025-06-05 11:02:59,215 [Worker-60: Building] INFO  o.a.m.s.f.DefaultMavenResourcesFiltering - skip non existing resourceDirectory C:\Users\Admin\Automation MWTTFS 10-00-11-00\Selenium_Learning\src\test\resources
2025-06-05 11:03:34,241 [Worker-59: Building] INFO  o.a.m.s.f.DefaultMavenResourcesFiltering - skip non existing resourceDirectory C:\Users\Admin\Automation MWTTFS 10-00-11-00\Selenium_Learning\src\main\resources
2025-06-05 11:03:34,242 [Worker-59: Building] INFO  o.a.m.s.f.DefaultMavenResourcesFiltering - skip non existing resourceDirectory C:\Users\Admin\Automation MWTTFS 10-00-11-00\Selenium_Learning\src\test\resources
2025-06-05 11:03:35,288 [Worker-52: Building] INFO  o.a.m.s.f.DefaultMavenResourcesFiltering - skip non existing resourceDirectory C:\Users\Admin\Automation MWTTFS 10-00-11-00\Selenium_Learning\src\main\resources
2025-06-05 11:03:35,289 [Worker-52: Building] INFO  o.a.m.s.f.DefaultMavenResourcesFiltering - skip non existing resourceDirectory C:\Users\Admin\Automation MWTTFS 10-00-11-00\Selenium_Learning\src\test\resources
2025-06-05 11:03:55,968 [Worker-57: Building] INFO  o.a.m.s.f.DefaultMavenResourcesFiltering - skip non existing resourceDirectory C:\Users\Admin\Automation MWTTFS 10-00-11-00\Selenium_Learning\src\main\resources
2025-06-05 11:03:55,970 [Worker-57: Building] INFO  o.a.m.s.f.DefaultMavenResourcesFiltering - skip non existing resourceDirectory C:\Users\Admin\Automation MWTTFS 10-00-11-00\Selenium_Learning\src\test\resources
2025-06-05 11:03:57,065 [Worker-61: Building] INFO  o.a.m.s.f.DefaultMavenResourcesFiltering - skip non existing resourceDirectory C:\Users\Admin\Automation MWTTFS 10-00-11-00\Selenium_Learning\src\main\resources
2025-06-05 11:03:57,066 [Worker-61: Building] INFO  o.a.m.s.f.DefaultMavenResourcesFiltering - skip non existing resourceDirectory C:\Users\Admin\Automation MWTTFS 10-00-11-00\Selenium_Learning\src\test\resources
2025-06-05 11:04:45,535 [Worker-57: Building] INFO  o.a.m.s.f.DefaultMavenResourcesFiltering - skip non existing resourceDirectory C:\Users\Admin\Automation MWTTFS 10-00-11-00\Selenium_Learning\src\main\resources
2025-06-05 11:04:45,536 [Worker-57: Building] INFO  o.a.m.s.f.DefaultMavenResourcesFiltering - skip non existing resourceDirectory C:\Users\Admin\Automation MWTTFS 10-00-11-00\Selenium_Learning\src\test\resources
2025-06-05 11:04:49,716 [Worker-57: Building] INFO  o.a.m.s.f.DefaultMavenResourcesFiltering - skip non existing resourceDirectory C:\Users\Admin\Automation MWTTFS 10-00-11-00\Selenium_Learning\src\main\resources
2025-06-05 11:04:49,717 [Worker-57: Building] INFO  o.a.m.s.f.DefaultMavenResourcesFiltering - skip non existing resourceDirectory C:\Users\Admin\Automation MWTTFS 10-00-11-00\Selenium_Learning\src\test\resources
2025-06-05 11:05:34,102 [Worker-52: Building] INFO  o.a.m.s.f.DefaultMavenResourcesFiltering - skip non existing resourceDirectory C:\Users\Admin\Automation MWTTFS 10-00-11-00\Selenium_Learning\src\main\resources
2025-06-05 11:05:34,103 [Worker-52: Building] INFO  o.a.m.s.f.DefaultMavenResourcesFiltering - skip non existing resourceDirectory C:\Users\Admin\Automation MWTTFS 10-00-11-00\Selenium_Learning\src\test\resources
2025-06-05 11:05:41,195 [Worker-56: Building] INFO  o.a.m.s.f.DefaultMavenResourcesFiltering - skip non existing resourceDirectory C:\Users\Admin\Automation MWTTFS 10-00-11-00\Selenium_Learning\src\main\resources
2025-06-05 11:05:41,197 [Worker-56: Building] INFO  o.a.m.s.f.DefaultMavenResourcesFiltering - skip non existing resourceDirectory C:\Users\Admin\Automation MWTTFS 10-00-11-00\Selenium_Learning\src\test\resources
2025-06-05 11:08:14,345 [Worker-63: Building] INFO  o.a.m.s.f.DefaultMavenResourcesFiltering - skip non existing resourceDirectory C:\Users\Admin\Automation MWTTFS 10-00-11-00\Selenium_Learning\src\main\resources
2025-06-05 11:08:14,348 [Worker-63: Building] INFO  o.a.m.s.f.DefaultMavenResourcesFiltering - skip non existing resourceDirectory C:\Users\Admin\Automation MWTTFS 10-00-11-00\Selenium_Learning\src\test\resources
2025-06-05 11:08:21,816 [Worker-62: Building] INFO  o.a.m.s.f.DefaultMavenResourcesFiltering - skip non existing resourceDirectory C:\Users\Admin\Automation MWTTFS 10-00-11-00\Selenium_Learning\src\main\resources
2025-06-05 11:08:21,817 [Worker-62: Building] INFO  o.a.m.s.f.DefaultMavenResourcesFiltering - skip non existing resourceDirectory C:\Users\Admin\Automation MWTTFS 10-00-11-00\Selenium_Learning\src\test\resources
2025-06-06 10:26:31,422 [Worker-7: Loading available Gradle versions] INFO  o.e.b.c.i.u.g.PublishedGradleVersions - Gradle version information cache is out-of-date. Trying to update.
2025-06-06 10:26:44,802 [Worker-12: Building] INFO  o.a.m.s.f.DefaultMavenResourcesFiltering - skip non existing resourceDirectory C:\Users\Admin\Automation MWTTFS 10-00-11-00\Selenium_Learning\src\main\resources
2025-06-06 10:26:44,807 [Worker-12: Building] INFO  o.a.m.s.f.DefaultMavenResourcesFiltering - skip non existing resourceDirectory C:\Users\Admin\Automation MWTTFS 10-00-11-00\Selenium_Learning\src\test\resources
2025-06-06 10:45:42,355 [Worker-26: Building] INFO  o.a.m.s.f.DefaultMavenResourcesFiltering - skip non existing resourceDirectory C:\Users\Admin\Automation MWTTFS 10-00-11-00\Selenium_Learning\src\main\resources
2025-06-06 10:45:42,357 [Worker-26: Building] INFO  o.a.m.s.f.DefaultMavenResourcesFiltering - skip non existing resourceDirectory C:\Users\Admin\Automation MWTTFS 10-00-11-00\Selenium_Learning\src\test\resources
2025-06-06 10:49:03,930 [Worker-25: Building] INFO  o.a.m.s.f.DefaultMavenResourcesFiltering - skip non existing resourceDirectory C:\Users\Admin\Automation MWTTFS 10-00-11-00\Selenium_Learning\src\main\resources
2025-06-06 10:49:03,932 [Worker-25: Building] INFO  o.a.m.s.f.DefaultMavenResourcesFiltering - skip non existing resourceDirectory C:\Users\Admin\Automation MWTTFS 10-00-11-00\Selenium_Learning\src\test\resources
2025-06-06 10:49:49,310 [Worker-31: Building] INFO  o.a.m.s.f.DefaultMavenResourcesFiltering - skip non existing resourceDirectory C:\Users\Admin\Automation MWTTFS 10-00-11-00\Selenium_Learning\src\main\resources
2025-06-06 10:49:49,312 [Worker-31: Building] INFO  o.a.m.s.f.DefaultMavenResourcesFiltering - skip non existing resourceDirectory C:\Users\Admin\Automation MWTTFS 10-00-11-00\Selenium_Learning\src\test\resources
2025-06-06 10:50:07,084 [Worker-24: Building] INFO  o.a.m.s.f.DefaultMavenResourcesFiltering - skip non existing resourceDirectory C:\Users\Admin\Automation MWTTFS 10-00-11-00\Selenium_Learning\src\main\resources
2025-06-06 10:50:07,086 [Worker-24: Building] INFO  o.a.m.s.f.DefaultMavenResourcesFiltering - skip non existing resourceDirectory C:\Users\Admin\Automation MWTTFS 10-00-11-00\Selenium_Learning\src\test\resources
2025-06-06 10:50:14,149 [Worker-24: Building] INFO  o.a.m.s.f.DefaultMavenResourcesFiltering - skip non existing resourceDirectory C:\Users\Admin\Automation MWTTFS 10-00-11-00\Selenium_Learning\src\main\resources
2025-06-06 10:50:14,151 [Worker-24: Building] INFO  o.a.m.s.f.DefaultMavenResourcesFiltering - skip non existing resourceDirectory C:\Users\Admin\Automation MWTTFS 10-00-11-00\Selenium_Learning\src\test\resources
2025-06-06 10:50:45,565 [Worker-30: Building] INFO  o.a.m.s.f.DefaultMavenResourcesFiltering - skip non existing resourceDirectory C:\Users\Admin\Automation MWTTFS 10-00-11-00\Selenium_Learning\src\main\resources
2025-06-06 10:50:45,567 [Worker-30: Building] INFO  o.a.m.s.f.DefaultMavenResourcesFiltering - skip non existing resourceDirectory C:\Users\Admin\Automation MWTTFS 10-00-11-00\Selenium_Learning\src\test\resources
2025-06-06 10:50:47,521 [Worker-25: Building] INFO  o.a.m.s.f.DefaultMavenResourcesFiltering - skip non existing resourceDirectory C:\Users\Admin\Automation MWTTFS 10-00-11-00\Selenium_Learning\src\main\resources
2025-06-06 10:50:47,523 [Worker-25: Building] INFO  o.a.m.s.f.DefaultMavenResourcesFiltering - skip non existing resourceDirectory C:\Users\Admin\Automation MWTTFS 10-00-11-00\Selenium_Learning\src\test\resources
2025-06-06 10:51:08,192 [Worker-28: Building] INFO  o.a.m.s.f.DefaultMavenResourcesFiltering - skip non existing resourceDirectory C:\Users\Admin\Automation MWTTFS 10-00-11-00\Selenium_Learning\src\main\resources
2025-06-06 10:51:08,195 [Worker-28: Building] INFO  o.a.m.s.f.DefaultMavenResourcesFiltering - skip non existing resourceDirectory C:\Users\Admin\Automation MWTTFS 10-00-11-00\Selenium_Learning\src\test\resources
2025-06-06 10:51:35,781 [Worker-28: Building] INFO  o.a.m.s.f.DefaultMavenResourcesFiltering - skip non existing resourceDirectory C:\Users\Admin\Automation MWTTFS 10-00-11-00\Selenium_Learning\src\main\resources
2025-06-06 10:51:35,783 [Worker-28: Building] INFO  o.a.m.s.f.DefaultMavenResourcesFiltering - skip non existing resourceDirectory C:\Users\Admin\Automation MWTTFS 10-00-11-00\Selenium_Learning\src\test\resources
2025-06-06 10:51:40,291 [Worker-24: Building] INFO  o.a.m.s.f.DefaultMavenResourcesFiltering - skip non existing resourceDirectory C:\Users\Admin\Automation MWTTFS 10-00-11-00\Selenium_Learning\src\main\resources
2025-06-06 10:51:40,293 [Worker-24: Building] INFO  o.a.m.s.f.DefaultMavenResourcesFiltering - skip non existing resourceDirectory C:\Users\Admin\Automation MWTTFS 10-00-11-00\Selenium_Learning\src\test\resources
2025-06-06 10:52:57,217 [Worker-25: Building] INFO  o.a.m.s.f.DefaultMavenResourcesFiltering - skip non existing resourceDirectory C:\Users\Admin\Automation MWTTFS 10-00-11-00\Selenium_Learning\src\main\resources
2025-06-06 10:52:57,219 [Worker-25: Building] INFO  o.a.m.s.f.DefaultMavenResourcesFiltering - skip non existing resourceDirectory C:\Users\Admin\Automation MWTTFS 10-00-11-00\Selenium_Learning\src\test\resources
2025-06-06 10:52:58,273 [Worker-29: Building] INFO  o.a.m.s.f.DefaultMavenResourcesFiltering - skip non existing resourceDirectory C:\Users\Admin\Automation MWTTFS 10-00-11-00\Selenium_Learning\src\main\resources
2025-06-06 10:52:58,274 [Worker-29: Building] INFO  o.a.m.s.f.DefaultMavenResourcesFiltering - skip non existing resourceDirectory C:\Users\Admin\Automation MWTTFS 10-00-11-00\Selenium_Learning\src\test\resources
2025-06-06 10:53:00,214 [Worker-28: Building] INFO  o.a.m.s.f.DefaultMavenResourcesFiltering - skip non existing resourceDirectory C:\Users\Admin\Automation MWTTFS 10-00-11-00\Selenium_Learning\src\main\resources
2025-06-06 10:53:00,215 [Worker-28: Building] INFO  o.a.m.s.f.DefaultMavenResourcesFiltering - skip non existing resourceDirectory C:\Users\Admin\Automation MWTTFS 10-00-11-00\Selenium_Learning\src\test\resources
2025-06-06 10:53:13,557 [Worker-25: Building] INFO  o.a.m.s.f.DefaultMavenResourcesFiltering - skip non existing resourceDirectory C:\Users\Admin\Automation MWTTFS 10-00-11-00\Selenium_Learning\src\main\resources
2025-06-06 10:53:13,559 [Worker-25: Building] INFO  o.a.m.s.f.DefaultMavenResourcesFiltering - skip non existing resourceDirectory C:\Users\Admin\Automation MWTTFS 10-00-11-00\Selenium_Learning\src\test\resources
2025-06-09 10:17:03,002 [Worker-3: Loading available Gradle versions] INFO  o.e.b.c.i.u.g.PublishedGradleVersions - Gradle version information cache is out-of-date. Trying to update.
2025-06-09 10:28:12,533 [Worker-24: Building] INFO  o.a.m.s.f.DefaultMavenResourcesFiltering - skip non existing resourceDirectory C:\Users\Admin\Automation MWTTFS 10-00-11-00\Selenium_Learning\src\main\resources
2025-06-09 10:28:12,538 [Worker-24: Building] INFO  o.a.m.s.f.DefaultMavenResourcesFiltering - skip non existing resourceDirectory C:\Users\Admin\Automation MWTTFS 10-00-11-00\Selenium_Learning\src\test\resources
2025-06-09 10:28:32,808 [Worker-24: Building] INFO  o.a.m.s.f.DefaultMavenResourcesFiltering - skip non existing resourceDirectory C:\Users\Admin\Automation MWTTFS 10-00-11-00\Selenium_Learning\src\main\resources
2025-06-09 10:28:32,811 [Worker-24: Building] INFO  o.a.m.s.f.DefaultMavenResourcesFiltering - skip non existing resourceDirectory C:\Users\Admin\Automation MWTTFS 10-00-11-00\Selenium_Learning\src\test\resources
2025-06-09 10:29:14,737 [Worker-0: Building] INFO  o.a.m.s.f.DefaultMavenResourcesFiltering - skip non existing resourceDirectory C:\Users\Admin\Automation MWTTFS 10-00-11-00\Selenium_Learning\src\main\resources
2025-06-09 10:29:14,741 [Worker-0: Building] INFO  o.a.m.s.f.DefaultMavenResourcesFiltering - skip non existing resourceDirectory C:\Users\Admin\Automation MWTTFS 10-00-11-00\Selenium_Learning\src\test\resources
2025-06-09 10:29:52,120 [Worker-0: Building] INFO  o.a.m.s.f.DefaultMavenResourcesFiltering - skip non existing resourceDirectory C:\Users\Admin\Automation MWTTFS 10-00-11-00\Selenium_Learning\src\main\resources
2025-06-09 10:29:52,124 [Worker-0: Building] INFO  o.a.m.s.f.DefaultMavenResourcesFiltering - skip non existing resourceDirectory C:\Users\Admin\Automation MWTTFS 10-00-11-00\Selenium_Learning\src\test\resources
2025-06-09 10:29:54,315 [Worker-18: Building] INFO  o.a.m.s.f.DefaultMavenResourcesFiltering - skip non existing resourceDirectory C:\Users\Admin\Automation MWTTFS 10-00-11-00\Selenium_Learning\src\main\resources
2025-06-09 10:29:54,317 [Worker-18: Building] INFO  o.a.m.s.f.DefaultMavenResourcesFiltering - skip non existing resourceDirectory C:\Users\Admin\Automation MWTTFS 10-00-11-00\Selenium_Learning\src\test\resources
2025-06-09 10:30:45,949 [Worker-25: Building] INFO  o.a.m.s.f.DefaultMavenResourcesFiltering - skip non existing resourceDirectory C:\Users\Admin\Automation MWTTFS 10-00-11-00\Selenium_Learning\src\main\resources
2025-06-09 10:30:45,952 [Worker-25: Building] INFO  o.a.m.s.f.DefaultMavenResourcesFiltering - skip non existing resourceDirectory C:\Users\Admin\Automation MWTTFS 10-00-11-00\Selenium_Learning\src\test\resources
2025-06-09 10:33:16,618 [Worker-28: Building] INFO  o.a.m.s.f.DefaultMavenResourcesFiltering - skip non existing resourceDirectory C:\Users\Admin\Automation MWTTFS 10-00-11-00\Selenium_Learning\src\main\resources
2025-06-09 10:33:16,620 [Worker-28: Building] INFO  o.a.m.s.f.DefaultMavenResourcesFiltering - skip non existing resourceDirectory C:\Users\Admin\Automation MWTTFS 10-00-11-00\Selenium_Learning\src\test\resources
2025-06-09 10:33:51,926 [Worker-26: Building] INFO  o.a.m.s.f.DefaultMavenResourcesFiltering - skip non existing resourceDirectory C:\Users\Admin\Automation MWTTFS 10-00-11-00\Selenium_Learning\src\main\resources
2025-06-09 10:33:51,928 [Worker-26: Building] INFO  o.a.m.s.f.DefaultMavenResourcesFiltering - skip non existing resourceDirectory C:\Users\Admin\Automation MWTTFS 10-00-11-00\Selenium_Learning\src\test\resources
2025-06-09 10:34:12,124 [Worker-25: Building] INFO  o.a.m.s.f.DefaultMavenResourcesFiltering - skip non existing resourceDirectory C:\Users\Admin\Automation MWTTFS 10-00-11-00\Selenium_Learning\src\main\resources
2025-06-09 10:34:12,126 [Worker-25: Building] INFO  o.a.m.s.f.DefaultMavenResourcesFiltering - skip non existing resourceDirectory C:\Users\Admin\Automation MWTTFS 10-00-11-00\Selenium_Learning\src\test\resources
2025-06-09 10:34:15,879 [Worker-28: Building] INFO  o.a.m.s.f.DefaultMavenResourcesFiltering - skip non existing resourceDirectory C:\Users\Admin\Automation MWTTFS 10-00-11-00\Selenium_Learning\src\main\resources
2025-06-09 10:34:15,881 [Worker-28: Building] INFO  o.a.m.s.f.DefaultMavenResourcesFiltering - skip non existing resourceDirectory C:\Users\Admin\Automation MWTTFS 10-00-11-00\Selenium_Learning\src\test\resources
2025-06-09 10:34:25,076 [Worker-0: Building] INFO  o.a.m.s.f.DefaultMavenResourcesFiltering - skip non existing resourceDirectory C:\Users\Admin\Automation MWTTFS 10-00-11-00\Selenium_Learning\src\main\resources
2025-06-09 10:34:25,078 [Worker-0: Building] INFO  o.a.m.s.f.DefaultMavenResourcesFiltering - skip non existing resourceDirectory C:\Users\Admin\Automation MWTTFS 10-00-11-00\Selenium_Learning\src\test\resources
2025-06-09 10:34:33,272 [Worker-25: Building] INFO  o.a.m.s.f.DefaultMavenResourcesFiltering - skip non existing resourceDirectory C:\Users\Admin\Automation MWTTFS 10-00-11-00\Selenium_Learning\src\main\resources
2025-06-09 10:34:33,274 [Worker-25: Building] INFO  o.a.m.s.f.DefaultMavenResourcesFiltering - skip non existing resourceDirectory C:\Users\Admin\Automation MWTTFS 10-00-11-00\Selenium_Learning\src\test\resources
2025-06-09 10:36:52,342 [Worker-29: Building] INFO  o.a.m.s.f.DefaultMavenResourcesFiltering - skip non existing resourceDirectory C:\Users\Admin\Automation MWTTFS 10-00-11-00\Selenium_Learning\src\main\resources
2025-06-09 10:36:52,345 [Worker-29: Building] INFO  o.a.m.s.f.DefaultMavenResourcesFiltering - skip non existing resourceDirectory C:\Users\Admin\Automation MWTTFS 10-00-11-00\Selenium_Learning\src\test\resources
2025-06-09 10:36:53,395 [Worker-25: Building] INFO  o.a.m.s.f.DefaultMavenResourcesFiltering - skip non existing resourceDirectory C:\Users\Admin\Automation MWTTFS 10-00-11-00\Selenium_Learning\src\main\resources
2025-06-09 10:36:53,396 [Worker-25: Building] INFO  o.a.m.s.f.DefaultMavenResourcesFiltering - skip non existing resourceDirectory C:\Users\Admin\Automation MWTTFS 10-00-11-00\Selenium_Learning\src\test\resources
2025-06-09 10:37:23,095 [Worker-30: Building] INFO  o.a.m.s.f.DefaultMavenResourcesFiltering - skip non existing resourceDirectory C:\Users\Admin\Automation MWTTFS 10-00-11-00\Selenium_Learning\src\main\resources
2025-06-09 10:37:23,097 [Worker-30: Building] INFO  o.a.m.s.f.DefaultMavenResourcesFiltering - skip non existing resourceDirectory C:\Users\Admin\Automation MWTTFS 10-00-11-00\Selenium_Learning\src\test\resources
2025-06-09 10:38:33,496 [Worker-29: Building] INFO  o.a.m.s.f.DefaultMavenResourcesFiltering - skip non existing resourceDirectory C:\Users\Admin\Automation MWTTFS 10-00-11-00\Selenium_Learning\src\main\resources
2025-06-09 10:38:33,498 [Worker-29: Building] INFO  o.a.m.s.f.DefaultMavenResourcesFiltering - skip non existing resourceDirectory C:\Users\Admin\Automation MWTTFS 10-00-11-00\Selenium_Learning\src\test\resources
2025-06-09 10:40:24,314 [Worker-25: Building] INFO  o.a.m.s.f.DefaultMavenResourcesFiltering - skip non existing resourceDirectory C:\Users\Admin\Automation MWTTFS 10-00-11-00\Selenium_Learning\src\main\resources
2025-06-09 10:40:24,317 [Worker-25: Building] INFO  o.a.m.s.f.DefaultMavenResourcesFiltering - skip non existing resourceDirectory C:\Users\Admin\Automation MWTTFS 10-00-11-00\Selenium_Learning\src\test\resources
2025-06-09 10:41:01,535 [Worker-33: Building] INFO  o.a.m.s.f.DefaultMavenResourcesFiltering - skip non existing resourceDirectory C:\Users\Admin\Automation MWTTFS 10-00-11-00\Selenium_Learning\src\main\resources
2025-06-09 10:41:01,537 [Worker-33: Building] INFO  o.a.m.s.f.DefaultMavenResourcesFiltering - skip non existing resourceDirectory C:\Users\Admin\Automation MWTTFS 10-00-11-00\Selenium_Learning\src\test\resources
2025-06-09 10:42:22,108 [Worker-24: Building] INFO  o.a.m.s.f.DefaultMavenResourcesFiltering - skip non existing resourceDirectory C:\Users\Admin\Automation MWTTFS 10-00-11-00\Selenium_Learning\src\main\resources
2025-06-09 10:42:22,110 [Worker-24: Building] INFO  o.a.m.s.f.DefaultMavenResourcesFiltering - skip non existing resourceDirectory C:\Users\Admin\Automation MWTTFS 10-00-11-00\Selenium_Learning\src\test\resources
2025-06-09 10:42:26,749 [Worker-31: Building] INFO  o.a.m.s.f.DefaultMavenResourcesFiltering - skip non existing resourceDirectory C:\Users\Admin\Automation MWTTFS 10-00-11-00\Selenium_Learning\src\main\resources
2025-06-09 10:42:26,751 [Worker-31: Building] INFO  o.a.m.s.f.DefaultMavenResourcesFiltering - skip non existing resourceDirectory C:\Users\Admin\Automation MWTTFS 10-00-11-00\Selenium_Learning\src\test\resources
2025-06-09 10:42:45,094 [Worker-34: Building] INFO  o.a.m.s.f.DefaultMavenResourcesFiltering - skip non existing resourceDirectory C:\Users\Admin\Automation MWTTFS 10-00-11-00\Selenium_Learning\src\main\resources
2025-06-09 10:42:45,097 [Worker-34: Building] INFO  o.a.m.s.f.DefaultMavenResourcesFiltering - skip non existing resourceDirectory C:\Users\Admin\Automation MWTTFS 10-00-11-00\Selenium_Learning\src\test\resources
2025-06-09 10:44:00,750 [Worker-32: Building] INFO  o.a.m.s.f.DefaultMavenResourcesFiltering - skip non existing resourceDirectory C:\Users\Admin\Automation MWTTFS 10-00-11-00\Selenium_Learning\src\main\resources
2025-06-09 10:44:00,751 [Worker-32: Building] INFO  o.a.m.s.f.DefaultMavenResourcesFiltering - skip non existing resourceDirectory C:\Users\Admin\Automation MWTTFS 10-00-11-00\Selenium_Learning\src\test\resources
2025-06-09 10:45:08,028 [Worker-25: Building] INFO  o.a.m.s.f.DefaultMavenResourcesFiltering - skip non existing resourceDirectory C:\Users\Admin\Automation MWTTFS 10-00-11-00\Selenium_Learning\src\main\resources
2025-06-09 10:45:08,030 [Worker-25: Building] INFO  o.a.m.s.f.DefaultMavenResourcesFiltering - skip non existing resourceDirectory C:\Users\Admin\Automation MWTTFS 10-00-11-00\Selenium_Learning\src\test\resources
2025-06-09 10:45:12,699 [Worker-32: Building] INFO  o.a.m.s.f.DefaultMavenResourcesFiltering - skip non existing resourceDirectory C:\Users\Admin\Automation MWTTFS 10-00-11-00\Selenium_Learning\src\main\resources
2025-06-09 10:45:12,701 [Worker-32: Building] INFO  o.a.m.s.f.DefaultMavenResourcesFiltering - skip non existing resourceDirectory C:\Users\Admin\Automation MWTTFS 10-00-11-00\Selenium_Learning\src\test\resources
2025-06-09 10:57:00,223 [Worker-3: Building] INFO  o.a.m.s.f.DefaultMavenResourcesFiltering - skip non existing resourceDirectory C:\Users\Admin\Automation MWTTFS 10-00-11-00\Selenium_Learning\src\main\resources
2025-06-09 10:57:00,225 [Worker-3: Building] INFO  o.a.m.s.f.DefaultMavenResourcesFiltering - skip non existing resourceDirectory C:\Users\Admin\Automation MWTTFS 10-00-11-00\Selenium_Learning\src\test\resources
2025-06-10 10:11:07,699 [Worker-5: Loading available Gradle versions] INFO  o.e.b.c.i.u.g.PublishedGradleVersions - Gradle version information cache is up-to-date. Trying to read.
2025-06-10 10:11:17,379 [Worker-5: Building] INFO  o.a.m.s.f.DefaultMavenResourcesFiltering - skip non existing resourceDirectory C:\Users\Admin\Automation MWTTFS 10-00-11-00\Selenium_Learning\src\main\resources
2025-06-10 10:11:17,385 [Worker-5: Building] INFO  o.a.m.s.f.DefaultMavenResourcesFiltering - skip non existing resourceDirectory C:\Users\Admin\Automation MWTTFS 10-00-11-00\Selenium_Learning\src\test\resources
2025-06-10 10:13:26,969 [Worker-4: Building] INFO  o.a.m.s.f.DefaultMavenResourcesFiltering - skip non existing resourceDirectory C:\Users\Admin\Automation MWTTFS 10-00-11-00\Selenium_Learning\src\main\resources
2025-06-10 10:13:26,972 [Worker-4: Building] INFO  o.a.m.s.f.DefaultMavenResourcesFiltering - skip non existing resourceDirectory C:\Users\Admin\Automation MWTTFS 10-00-11-00\Selenium_Learning\src\test\resources
2025-06-10 10:13:30,033 [Worker-22: Building] INFO  o.a.m.s.f.DefaultMavenResourcesFiltering - skip non existing resourceDirectory C:\Users\Admin\Automation MWTTFS 10-00-11-00\Selenium_Learning\src\main\resources
2025-06-10 10:13:30,035 [Worker-22: Building] INFO  o.a.m.s.f.DefaultMavenResourcesFiltering - skip non existing resourceDirectory C:\Users\Admin\Automation MWTTFS 10-00-11-00\Selenium_Learning\src\test\resources
2025-06-10 10:13:56,533 [Worker-0: Building] INFO  o.a.m.s.f.DefaultMavenResourcesFiltering - skip non existing resourceDirectory C:\Users\Admin\Automation MWTTFS 10-00-11-00\Selenium_Learning\src\main\resources
2025-06-10 10:13:56,535 [Worker-0: Building] INFO  o.a.m.s.f.DefaultMavenResourcesFiltering - skip non existing resourceDirectory C:\Users\Admin\Automation MWTTFS 10-00-11-00\Selenium_Learning\src\test\resources
2025-06-10 10:13:57,571 [Worker-9: Building] INFO  o.a.m.s.f.DefaultMavenResourcesFiltering - skip non existing resourceDirectory C:\Users\Admin\Automation MWTTFS 10-00-11-00\Selenium_Learning\src\main\resources
2025-06-10 10:13:57,573 [Worker-9: Building] INFO  o.a.m.s.f.DefaultMavenResourcesFiltering - skip non existing resourceDirectory C:\Users\Admin\Automation MWTTFS 10-00-11-00\Selenium_Learning\src\test\resources
2025-06-10 10:14:07,791 [Worker-10: Building] INFO  o.a.m.s.f.DefaultMavenResourcesFiltering - skip non existing resourceDirectory C:\Users\Admin\Automation MWTTFS 10-00-11-00\Selenium_Learning\src\main\resources
2025-06-10 10:14:07,793 [Worker-10: Building] INFO  o.a.m.s.f.DefaultMavenResourcesFiltering - skip non existing resourceDirectory C:\Users\Admin\Automation MWTTFS 10-00-11-00\Selenium_Learning\src\test\resources
2025-06-10 10:14:28,484 [Worker-5: Building] INFO  o.a.m.s.f.DefaultMavenResourcesFiltering - skip non existing resourceDirectory C:\Users\Admin\Automation MWTTFS 10-00-11-00\Selenium_Learning\src\main\resources
2025-06-10 10:14:28,487 [Worker-5: Building] INFO  o.a.m.s.f.DefaultMavenResourcesFiltering - skip non existing resourceDirectory C:\Users\Admin\Automation MWTTFS 10-00-11-00\Selenium_Learning\src\test\resources
2025-06-10 10:14:33,906 [Worker-18: Building] INFO  o.a.m.s.f.DefaultMavenResourcesFiltering - skip non existing resourceDirectory C:\Users\Admin\Automation MWTTFS 10-00-11-00\Selenium_Learning\src\main\resources
2025-06-10 10:14:33,908 [Worker-18: Building] INFO  o.a.m.s.f.DefaultMavenResourcesFiltering - skip non existing resourceDirectory C:\Users\Admin\Automation MWTTFS 10-00-11-00\Selenium_Learning\src\test\resources
2025-06-10 10:17:06,279 [Worker-26: Building] INFO  o.a.m.s.f.DefaultMavenResourcesFiltering - skip non existing resourceDirectory C:\Users\Admin\Automation MWTTFS 10-00-11-00\Selenium_Learning\src\main\resources
2025-06-10 10:17:06,281 [Worker-26: Building] INFO  o.a.m.s.f.DefaultMavenResourcesFiltering - skip non existing resourceDirectory C:\Users\Admin\Automation MWTTFS 10-00-11-00\Selenium_Learning\src\test\resources
2025-06-10 10:18:44,201 [Worker-28: Building] INFO  o.a.m.s.f.DefaultMavenResourcesFiltering - skip non existing resourceDirectory C:\Users\Admin\Automation MWTTFS 10-00-11-00\Selenium_Learning\src\main\resources
2025-06-10 10:18:44,203 [Worker-28: Building] INFO  o.a.m.s.f.DefaultMavenResourcesFiltering - skip non existing resourceDirectory C:\Users\Admin\Automation MWTTFS 10-00-11-00\Selenium_Learning\src\test\resources
2025-06-10 10:18:56,235 [Worker-28: Building] INFO  o.a.m.s.f.DefaultMavenResourcesFiltering - skip non existing resourceDirectory C:\Users\Admin\Automation MWTTFS 10-00-11-00\Selenium_Learning\src\main\resources
2025-06-10 10:18:56,236 [Worker-28: Building] INFO  o.a.m.s.f.DefaultMavenResourcesFiltering - skip non existing resourceDirectory C:\Users\Admin\Automation MWTTFS 10-00-11-00\Selenium_Learning\src\test\resources
2025-06-10 10:18:58,735 [Worker-27: Building] INFO  o.a.m.s.f.DefaultMavenResourcesFiltering - skip non existing resourceDirectory C:\Users\Admin\Automation MWTTFS 10-00-11-00\Selenium_Learning\src\main\resources
2025-06-10 10:18:58,737 [Worker-27: Building] INFO  o.a.m.s.f.DefaultMavenResourcesFiltering - skip non existing resourceDirectory C:\Users\Admin\Automation MWTTFS 10-00-11-00\Selenium_Learning\src\test\resources
2025-06-10 10:19:03,470 [Worker-29: Building] INFO  o.a.m.s.f.DefaultMavenResourcesFiltering - skip non existing resourceDirectory C:\Users\Admin\Automation MWTTFS 10-00-11-00\Selenium_Learning\src\main\resources
2025-06-10 10:19:03,472 [Worker-29: Building] INFO  o.a.m.s.f.DefaultMavenResourcesFiltering - skip non existing resourceDirectory C:\Users\Admin\Automation MWTTFS 10-00-11-00\Selenium_Learning\src\test\resources
2025-06-10 10:21:05,788 [Worker-4: Building] INFO  o.a.m.s.f.DefaultMavenResourcesFiltering - skip non existing resourceDirectory C:\Users\Admin\Automation MWTTFS 10-00-11-00\Selenium_Learning\src\main\resources
2025-06-10 10:21:05,791 [Worker-4: Building] INFO  o.a.m.s.f.DefaultMavenResourcesFiltering - skip non existing resourceDirectory C:\Users\Admin\Automation MWTTFS 10-00-11-00\Selenium_Learning\src\test\resources
2025-06-10 10:21:20,720 [Worker-29: Building] INFO  o.a.m.s.f.DefaultMavenResourcesFiltering - skip non existing resourceDirectory C:\Users\Admin\Automation MWTTFS 10-00-11-00\Selenium_Learning\src\main\resources
2025-06-10 10:21:20,721 [Worker-29: Building] INFO  o.a.m.s.f.DefaultMavenResourcesFiltering - skip non existing resourceDirectory C:\Users\Admin\Automation MWTTFS 10-00-11-00\Selenium_Learning\src\test\resources
2025-06-10 10:21:24,771 [Worker-4: Building] INFO  o.a.m.s.f.DefaultMavenResourcesFiltering - skip non existing resourceDirectory C:\Users\Admin\Automation MWTTFS 10-00-11-00\Selenium_Learning\src\main\resources
2025-06-10 10:21:24,773 [Worker-4: Building] INFO  o.a.m.s.f.DefaultMavenResourcesFiltering - skip non existing resourceDirectory C:\Users\Admin\Automation MWTTFS 10-00-11-00\Selenium_Learning\src\test\resources
2025-06-10 10:21:39,564 [Worker-4: Building] INFO  o.a.m.s.f.DefaultMavenResourcesFiltering - skip non existing resourceDirectory C:\Users\Admin\Automation MWTTFS 10-00-11-00\Selenium_Learning\src\main\resources
2025-06-10 10:21:39,566 [Worker-4: Building] INFO  o.a.m.s.f.DefaultMavenResourcesFiltering - skip non existing resourceDirectory C:\Users\Admin\Automation MWTTFS 10-00-11-00\Selenium_Learning\src\test\resources
2025-06-10 10:21:41,650 [Worker-31: Building] INFO  o.a.m.s.f.DefaultMavenResourcesFiltering - skip non existing resourceDirectory C:\Users\Admin\Automation MWTTFS 10-00-11-00\Selenium_Learning\src\main\resources
2025-06-10 10:21:41,653 [Worker-31: Building] INFO  o.a.m.s.f.DefaultMavenResourcesFiltering - skip non existing resourceDirectory C:\Users\Admin\Automation MWTTFS 10-00-11-00\Selenium_Learning\src\test\resources
2025-06-10 10:21:55,391 [Worker-31: Building] INFO  o.a.m.s.f.DefaultMavenResourcesFiltering - skip non existing resourceDirectory C:\Users\Admin\Automation MWTTFS 10-00-11-00\Selenium_Learning\src\main\resources
2025-06-10 10:21:55,392 [Worker-31: Building] INFO  o.a.m.s.f.DefaultMavenResourcesFiltering - skip non existing resourceDirectory C:\Users\Admin\Automation MWTTFS 10-00-11-00\Selenium_Learning\src\test\resources
2025-06-10 10:22:13,557 [Worker-29: Building] INFO  o.a.m.s.f.DefaultMavenResourcesFiltering - skip non existing resourceDirectory C:\Users\Admin\Automation MWTTFS 10-00-11-00\Selenium_Learning\src\main\resources
2025-06-10 10:22:13,558 [Worker-29: Building] INFO  o.a.m.s.f.DefaultMavenResourcesFiltering - skip non existing resourceDirectory C:\Users\Admin\Automation MWTTFS 10-00-11-00\Selenium_Learning\src\test\resources
2025-06-10 10:22:16,433 [Worker-28: Building] INFO  o.a.m.s.f.DefaultMavenResourcesFiltering - skip non existing resourceDirectory C:\Users\Admin\Automation MWTTFS 10-00-11-00\Selenium_Learning\src\main\resources
2025-06-10 10:22:16,435 [Worker-28: Building] INFO  o.a.m.s.f.DefaultMavenResourcesFiltering - skip non existing resourceDirectory C:\Users\Admin\Automation MWTTFS 10-00-11-00\Selenium_Learning\src\test\resources
2025-06-10 10:26:20,003 [Worker-24: Building] INFO  o.a.m.s.f.DefaultMavenResourcesFiltering - skip non existing resourceDirectory C:\Users\Admin\Automation MWTTFS 10-00-11-00\Selenium_Learning\src\main\resources
2025-06-10 10:26:20,005 [Worker-24: Building] INFO  o.a.m.s.f.DefaultMavenResourcesFiltering - skip non existing resourceDirectory C:\Users\Admin\Automation MWTTFS 10-00-11-00\Selenium_Learning\src\test\resources
2025-06-10 10:27:55,743 [Worker-30: Building] INFO  o.a.m.s.f.DefaultMavenResourcesFiltering - skip non existing resourceDirectory C:\Users\Admin\Automation MWTTFS 10-00-11-00\Selenium_Learning\src\main\resources
2025-06-10 10:27:55,745 [Worker-30: Building] INFO  o.a.m.s.f.DefaultMavenResourcesFiltering - skip non existing resourceDirectory C:\Users\Admin\Automation MWTTFS 10-00-11-00\Selenium_Learning\src\test\resources
2025-06-10 10:28:05,529 [Worker-29: Building] INFO  o.a.m.s.f.DefaultMavenResourcesFiltering - skip non existing resourceDirectory C:\Users\Admin\Automation MWTTFS 10-00-11-00\Selenium_Learning\src\main\resources
2025-06-10 10:28:05,531 [Worker-29: Building] INFO  o.a.m.s.f.DefaultMavenResourcesFiltering - skip non existing resourceDirectory C:\Users\Admin\Automation MWTTFS 10-00-11-00\Selenium_Learning\src\test\resources
2025-06-10 10:28:37,157 [Worker-33: Building] INFO  o.a.m.s.f.DefaultMavenResourcesFiltering - skip non existing resourceDirectory C:\Users\Admin\Automation MWTTFS 10-00-11-00\Selenium_Learning\src\main\resources
2025-06-10 10:28:37,160 [Worker-33: Building] INFO  o.a.m.s.f.DefaultMavenResourcesFiltering - skip non existing resourceDirectory C:\Users\Admin\Automation MWTTFS 10-00-11-00\Selenium_Learning\src\test\resources
2025-06-10 10:29:07,126 [Worker-30: Building] INFO  o.a.m.s.f.DefaultMavenResourcesFiltering - skip non existing resourceDirectory C:\Users\Admin\Automation MWTTFS 10-00-11-00\Selenium_Learning\src\main\resources
2025-06-10 10:29:07,128 [Worker-30: Building] INFO  o.a.m.s.f.DefaultMavenResourcesFiltering - skip non existing resourceDirectory C:\Users\Admin\Automation MWTTFS 10-00-11-00\Selenium_Learning\src\test\resources
2025-06-10 10:32:00,162 [Worker-30: Building] INFO  o.a.m.s.f.DefaultMavenResourcesFiltering - skip non existing resourceDirectory C:\Users\Admin\Automation MWTTFS 10-00-11-00\Selenium_Learning\src\main\resources
2025-06-10 10:32:00,164 [Worker-30: Building] INFO  o.a.m.s.f.DefaultMavenResourcesFiltering - skip non existing resourceDirectory C:\Users\Admin\Automation MWTTFS 10-00-11-00\Selenium_Learning\src\test\resources
2025-06-10 10:34:44,154 [Worker-35: Building] INFO  o.a.m.s.f.DefaultMavenResourcesFiltering - skip non existing resourceDirectory C:\Users\Admin\Automation MWTTFS 10-00-11-00\Selenium_Learning\src\main\resources
2025-06-10 10:34:44,157 [Worker-35: Building] INFO  o.a.m.s.f.DefaultMavenResourcesFiltering - skip non existing resourceDirectory C:\Users\Admin\Automation MWTTFS 10-00-11-00\Selenium_Learning\src\test\resources
2025-06-10 10:34:55,108 [Worker-35: Building] INFO  o.a.m.s.f.DefaultMavenResourcesFiltering - skip non existing resourceDirectory C:\Users\Admin\Automation MWTTFS 10-00-11-00\Selenium_Learning\src\main\resources
2025-06-10 10:34:55,109 [Worker-35: Building] INFO  o.a.m.s.f.DefaultMavenResourcesFiltering - skip non existing resourceDirectory C:\Users\Admin\Automation MWTTFS 10-00-11-00\Selenium_Learning\src\test\resources
2025-06-10 10:34:57,105 [Worker-32: Building] INFO  o.a.m.s.f.DefaultMavenResourcesFiltering - skip non existing resourceDirectory C:\Users\Admin\Automation MWTTFS 10-00-11-00\Selenium_Learning\src\main\resources
2025-06-10 10:34:57,107 [Worker-32: Building] INFO  o.a.m.s.f.DefaultMavenResourcesFiltering - skip non existing resourceDirectory C:\Users\Admin\Automation MWTTFS 10-00-11-00\Selenium_Learning\src\test\resources
2025-06-10 10:35:51,641 [Worker-29: Building] INFO  o.a.m.s.f.DefaultMavenResourcesFiltering - skip non existing resourceDirectory C:\Users\Admin\Automation MWTTFS 10-00-11-00\Selenium_Learning\src\main\resources
2025-06-10 10:35:51,643 [Worker-29: Building] INFO  o.a.m.s.f.DefaultMavenResourcesFiltering - skip non existing resourceDirectory C:\Users\Admin\Automation MWTTFS 10-00-11-00\Selenium_Learning\src\test\resources
2025-06-10 10:35:58,374 [Worker-33: Building] INFO  o.a.m.s.f.DefaultMavenResourcesFiltering - skip non existing resourceDirectory C:\Users\Admin\Automation MWTTFS 10-00-11-00\Selenium_Learning\src\main\resources
2025-06-10 10:35:58,375 [Worker-33: Building] INFO  o.a.m.s.f.DefaultMavenResourcesFiltering - skip non existing resourceDirectory C:\Users\Admin\Automation MWTTFS 10-00-11-00\Selenium_Learning\src\test\resources
2025-06-10 10:36:24,650 [Worker-34: Building] INFO  o.a.m.s.f.DefaultMavenResourcesFiltering - skip non existing resourceDirectory C:\Users\Admin\Automation MWTTFS 10-00-11-00\Selenium_Learning\src\main\resources
2025-06-10 10:36:24,651 [Worker-34: Building] INFO  o.a.m.s.f.DefaultMavenResourcesFiltering - skip non existing resourceDirectory C:\Users\Admin\Automation MWTTFS 10-00-11-00\Selenium_Learning\src\test\resources
2025-06-10 10:36:45,461 [Worker-35: Building] INFO  o.a.m.s.f.DefaultMavenResourcesFiltering - skip non existing resourceDirectory C:\Users\Admin\Automation MWTTFS 10-00-11-00\Selenium_Learning\src\main\resources
2025-06-10 10:36:45,462 [Worker-35: Building] INFO  o.a.m.s.f.DefaultMavenResourcesFiltering - skip non existing resourceDirectory C:\Users\Admin\Automation MWTTFS 10-00-11-00\Selenium_Learning\src\test\resources
2025-06-10 10:37:01,408 [Worker-32: Building] INFO  o.a.m.s.f.DefaultMavenResourcesFiltering - skip non existing resourceDirectory C:\Users\Admin\Automation MWTTFS 10-00-11-00\Selenium_Learning\src\main\resources
2025-06-10 10:37:01,410 [Worker-32: Building] INFO  o.a.m.s.f.DefaultMavenResourcesFiltering - skip non existing resourceDirectory C:\Users\Admin\Automation MWTTFS 10-00-11-00\Selenium_Learning\src\test\resources
2025-06-10 10:37:18,506 [Worker-24: Building] INFO  o.a.m.s.f.DefaultMavenResourcesFiltering - skip non existing resourceDirectory C:\Users\Admin\Automation MWTTFS 10-00-11-00\Selenium_Learning\src\main\resources
2025-06-10 10:37:18,508 [Worker-24: Building] INFO  o.a.m.s.f.DefaultMavenResourcesFiltering - skip non existing resourceDirectory C:\Users\Admin\Automation MWTTFS 10-00-11-00\Selenium_Learning\src\test\resources
